#
# A fatal error has been detected by the Java Runtime Environment:
#
#  EXCEPTION_ACCESS_VIOLATION (0xc0000005) at pc=0x0000000053e18e00, pid=8172, tid=9764
#
# JRE version: Java(TM) SE Runtime Environment (8.0_11-b12) (build 1.8.0_11-b12)
# Java VM: Java HotSpot(TM) 64-Bit Server VM (25.11-b03 mixed mode windows-amd64 compressed oops)
# Problematic frame:
# V  [jvm.dll+0x38e00]
#
# Failed to write core dump. Minidumps are not enabled by default on client versions of Windows
#
# If you would like to submit a bug report, please visit:
#   http://bugreport.sun.com/bugreport/crash.jsp
#

---------------  T H R E A D  ---------------

Current thread (0x000000001c869800):  JavaThread "C2 CompilerThread0" daemon [_thread_in_vm, id=9764, stack(0x000000001e5e0000,0x000000001e6e0000)]

siginfo: ExceptionCode=0xc0000005, reading address 0x0000000000000009

Registers:
RAX=0x000000001c869800, RBX=0x00000006c039c928, RCX=0x00000006c039c928, RDX=0x00000006c039c928
RSP=0x000000001e6ddc00, RBP=0x000000001c869800, RSI=0x00000006c039c928, RDI=0x0000000000000000
R8 =0x0000000000000009, R9 =0x0000000000000002, R10=0x000000001ddcf040, R11=0x00000000201a6fe0
R12=0x000000001ddcee10, R13=0x000000001ddcee10, R14=0x000000001c869ed0, R15=0x000000001c869f80
RIP=0x0000000053e18e00, EFLAGS=0x0000000000010246

Top of Stack: (sp=0x000000001e6ddc00)
0x000000001e6ddc00:   00000007c0081528 00000007c0081528
0x000000001e6ddc10:   000000001c869800 0000000053e6d43d
0x000000001e6ddc20:   000000001e6dec00 00000000542d53e5
0x000000001e6ddc30:   0000000000000000 00000007c0081528
0x000000001e6ddc40:   000000000000005c 0000000053e19119
0x000000001e6ddc50:   000000000000005b 0000000000000002
0x000000001e6ddc60:   00000006c039c928 0000000000000000
0x000000001e6ddc70:   000000001c8087d0 000000001c869fa0
0x000000001e6ddc80:   0000000000000018 0000000053e1503e
0x000000001e6ddc90:   00000006c039c928 0000000000000001
0x000000001e6ddca0:   000000001c869fb0 000000001ddd3a20
0x000000001e6ddcb0:   000000001c869fb0 0000000053e15fb3
0x000000001e6ddcc0:   000000001c869fa0 000000001c4fe0a8
0x000000001e6ddcd0:   0000000000000000 00000000201a7cc0
0x000000001e6ddce0:   000000001e6df124 000000001c8673d0
0x000000001e6ddcf0:   000000001e6de9d0 000000001e6deaa8 

Instructions: (pc=0x0000000053e18e00)
0x0000000053e18de0:   54 48 83 ec 40 4c 8b e1 8b 0d 4a b7 71 00 48 8b
0x0000000053e18df0:   da ff 15 f1 25 56 00 4c 8b 03 48 8b cb 48 8b e8
0x0000000053e18e00:   41 ff 10 84 c0 0f 84 96 00 00 00 8b 43 08 85 c0
0x0000000053e18e10:   7e 31 49 8b 14 24 b9 88 00 00 00 e8 90 3d fe ff 


Register to memory mapping:

RAX=0x000000001c869800 is a thread
RBX=0x00000006c039c928 is an oop
com.android.dx.dex.code.Dop 
 - klass: 'com/android/dx/dex/code/Dop'
RCX=0x00000006c039c928 is an oop
com.android.dx.dex.code.Dop 
 - klass: 'com/android/dx/dex/code/Dop'
RDX=0x00000006c039c928 is an oop
com.android.dx.dex.code.Dop 
 - klass: 'com/android/dx/dex/code/Dop'
RSP=0x000000001e6ddc00 is pointing into the stack for thread: 0x000000001c869800
RBP=0x000000001c869800 is a thread
RSI=0x00000006c039c928 is an oop
com.android.dx.dex.code.Dop 
 - klass: 'com/android/dx/dex/code/Dop'
RDI=0x0000000000000000 is an unknown value
R8 =0x0000000000000009 is an unknown value
R9 =0x0000000000000002 is an unknown value
R10=0x000000001ddcf040 is an unknown value
R11=0x00000000201a6fe0 is an unknown value
R12=0x000000001ddcee10 is an unknown value
R13=0x000000001ddcee10 is an unknown value
R14=0x000000001c869ed0 is an unknown value
R15=0x000000001c869f80 is an unknown value


Stack: [0x000000001e5e0000,0x000000001e6e0000],  sp=0x000000001e6ddc00,  free space=1015k
Native frames: (J=compiled Java code, j=interpreted, Vv=VM code, C=native code)
V  [jvm.dll+0x38e00]
V  [jvm.dll+0x39119]
V  [jvm.dll+0x3503e]
V  [jvm.dll+0x35fb3]
V  [jvm.dll+0x31293]
V  [jvm.dll+0x313a9]
V  [jvm.dll+0x443383]
V  [jvm.dll+0x427722]
V  [jvm.dll+0x96982]
V  [jvm.dll+0x97173]
V  [jvm.dll+0x2234b4]
V  [jvm.dll+0x27bcca]
C  [msvcr100.dll+0x21d9f]
C  [msvcr100.dll+0x21e3b]
C  [kernel32.dll+0x159cd]
C  [ntdll.dll+0x2a561]


Current CompileTask:
C2:  87789 4049       4       com.android.dx.dex.file.DebugInfoEncoder::emitPosition (214 bytes)


---------------  P R O C E S S  ---------------

Java Threads: ( => current thread )
  0x000000001f081800 JavaThread "pool-1-thread-2" [_thread_blocked, id=9936, stack(0x0000000020540000,0x0000000020640000)]
  0x000000001f225800 JavaThread "pool-1-thread-1" [_thread_blocked, id=9808, stack(0x0000000021ca0000,0x0000000021da0000)]
  0x000000001de37000 JavaThread "Service Thread" daemon [_thread_blocked, id=7012, stack(0x000000001eae0000,0x000000001ebe0000)]
  0x000000001dd9f800 JavaThread "C1 CompilerThread2" daemon [_thread_blocked, id=7748, stack(0x000000001e730000,0x000000001e830000)]
  0x000000001dd9e800 JavaThread "C2 CompilerThread1" daemon [_thread_blocked, id=8648, stack(0x000000001e8b0000,0x000000001e9b0000)]
=>0x000000001c869800 JavaThread "C2 CompilerThread0" daemon [_thread_in_vm, id=9764, stack(0x000000001e5e0000,0x000000001e6e0000)]
  0x000000001dd80800 JavaThread "Attach Listener" daemon [_thread_blocked, id=9036, stack(0x000000001e410000,0x000000001e510000)]
  0x000000001dd7e000 JavaThread "Signal Dispatcher" daemon [_thread_blocked, id=5640, stack(0x000000001e220000,0x000000001e320000)]
  0x000000001c804800 JavaThread "Finalizer" daemon [_thread_blocked, id=8692, stack(0x000000001da60000,0x000000001db60000)]
  0x000000001c7f9800 JavaThread "Reference Handler" daemon [_thread_blocked, id=6492, stack(0x000000001d850000,0x000000001d950000)]
  0x000000000028e000 JavaThread "main" [_thread_blocked, id=10068, stack(0x0000000002df0000,0x0000000002ef0000)]

Other Threads:
  0x000000001c7f6000 VMThread [stack: 0x000000001d6b0000,0x000000001d7b0000] [id=8576]
  0x000000001de3c800 WatcherThread [stack: 0x000000001ec60000,0x000000001ed60000] [id=9188]

VM state:synchronizing (normal execution)

VM Mutex/Monitor currently owned by a thread:  ([mutex/lock_event])
[0x000000000028c680] Threads_lock - owner thread: 0x000000001c7f6000

Heap:
 PSYoungGen      total 572416K, used 293182K [0x000000076ab00000, 0x00000007a2d00000, 0x00000007c0000000)
  eden space 273408K, 29% used [0x000000076ab00000,0x000000076fae1dc0,0x000000077b600000)
  from space 299008K, 70% used [0x000000077b600000,0x000000078846db90,0x000000078da00000)
  to   space 313856K, 0% used [0x000000078fa80000,0x000000078fa80000,0x00000007a2d00000)
 ParOldGen       total 706560K, used 634113K [0x00000006c0000000, 0x00000006eb200000, 0x000000076ab00000)
  object space 706560K, 89% used [0x00000006c0000000,0x00000006e6b406b0,0x00000006eb200000)
 Metaspace       used 6730K, capacity 7480K, committed 7680K, reserved 1056768K
  class space    used 644K, capacity 688K, committed 768K, reserved 1048576K

Card table byte_map: [0x00000000122b0000,0x0000000012ac0000] byte_map_base: 0x000000000ecb0000

Marking Bits: (ParMarkBitMap*) 0x00000000545912b0
 Begin Bits: [0x0000000013670000, 0x0000000017670000)
 End Bits:   [0x0000000017670000, 0x000000001b670000)

Polling page: 0x0000000000240000

CodeCache: size=245760Kb used=13712Kb max_used=14761Kb free=232047Kb
 bounds [0x0000000002ef0000, 0x0000000003d70000, 0x0000000011ef0000]
 total_blobs=3302 nmethods=3033 adapters=182
 compilation: enabled

Compilation events (10 events):
Event: 87.654 Thread 0x000000001c869800 4061       4       com.android.dx.dex.file.StringIdsSection::indexOf (49 bytes)
Event: 87.663 Thread 0x000000001c869800 nmethod 4061 0x0000000003611ad0 code [0x0000000003611c60, 0x0000000003612158]
Event: 87.663 Thread 0x000000001c869800 4049       4       com.android.dx.dex.file.DebugInfoEncoder::emitPosition (214 bytes)
Event: 87.666 Thread 0x000000001dd9e800 nmethod 4123% 0x0000000003720a50 code [0x0000000003720ce0, 0x0000000003722920]
Event: 87.666 Thread 0x000000001dd9e800 4057       4       com.android.dx.dex.file.DebugInfoEncoder$1::compare (13 bytes)
Event: 87.667 Thread 0x000000001dd9e800 nmethod 4057 0x0000000003678690 code [0x00000000036787e0, 0x00000000036788b8]
Event: 87.667 Thread 0x000000001dd9e800 4133       4       com.android.dx.util.ByteArrayAnnotatedOutput::annotates (13 bytes)
Event: 87.668 Thread 0x000000001dd9e800 nmethod 4133 0x000000000360ff10 code [0x0000000003610040, 0x00000000036100b8]
Event: 87.668 Thread 0x000000001dd9e800 4051       4       com.android.dx.dex.code.LocalList$Entry::getRegister (8 bytes)
Event: 87.669 Thread 0x000000001dd9e800 nmethod 4051 0x0000000003685450 code [0x0000000003685580, 0x00000000036855f8]

GC Heap History (10 events):
Event: 66.735 GC heap before
{Heap before GC invocations=55 (full 7):
 PSYoungGen      total 478720K, used 478711K [0x000000076ab00000, 0x0000000797d00000, 0x00000007c0000000)
  eden space 294400K, 100% used [0x000000076ab00000,0x000000077ca80000,0x000000077ca80000)
  from space 184320K, 99% used [0x000000077ca80000,0x0000000787e7dc38,0x0000000787e80000)
  to   space 213504K, 0% used [0x000000078ac80000,0x000000078ac80000,0x0000000797d00000)
 ParOldGen       total 634368K, used 554448K [0x00000006c0000000, 0x00000006e6b80000, 0x000000076ab00000)
  object space 634368K, 87% used [0x00000006c0000000,0x00000006e1d74168,0x00000006e6b80000)
 Metaspace       used 6357K, capacity 7128K, committed 7424K, reserved 1056768K
  class space    used 625K, capacity 656K, committed 768K, reserved 1048576K
Event: 67.159 GC heap after
Heap after GC invocations=55 (full 7):
 PSYoungGen      total 485888K, used 213481K [0x000000076ab00000, 0x000000079ce00000, 0x00000007c0000000)
  eden space 272384K, 0% used [0x000000076ab00000,0x000000076ab00000,0x000000077b500000)
  from space 213504K, 99% used [0x000000078ac80000,0x0000000797cfa7d8,0x0000000797d00000)
  to   space 253440K, 0% used [0x000000077b500000,0x000000077b500000,0x000000078ac80000)
 ParOldGen       total 634368K, used 571401K [0x00000006c0000000, 0x00000006e6b80000, 0x000000076ab00000)
  object space 634368K, 90% used [0x00000006c0000000,0x00000006e2e025f0,0x00000006e6b80000)
 Metaspace       used 6357K, capacity 7128K, committed 7424K, reserved 1056768K
  class space    used 625K, capacity 656K, committed 768K, reserved 1048576K
}
Event: 69.586 GC heap before
{Heap before GC invocations=56 (full 7):
 PSYoungGen      total 485888K, used 485865K [0x000000076ab00000, 0x000000079ce00000, 0x00000007c0000000)
  eden space 272384K, 100% used [0x000000076ab00000,0x000000077b500000,0x000000077b500000)
  from space 213504K, 99% used [0x000000078ac80000,0x0000000797cfa7d8,0x0000000797d00000)
  to   space 253440K, 0% used [0x000000077b500000,0x000000077b500000,0x000000078ac80000)
 ParOldGen       total 634368K, used 571401K [0x00000006c0000000, 0x00000006e6b80000, 0x000000076ab00000)
  object space 634368K, 90% used [0x00000006c0000000,0x00000006e2e025f0,0x00000006e6b80000)
 Metaspace       used 6417K, capacity 7192K, committed 7424K, reserved 1056768K
  class space    used 628K, capacity 656K, committed 768K, reserved 1048576K
Event: 70.172 GC heap after
Heap after GC invocations=56 (full 7):
 PSYoungGen      total 525824K, used 223121K [0x000000076ab00000, 0x000000079ee00000, 0x00000007c0000000)
  eden space 272384K, 0% used [0x000000076ab00000,0x000000076ab00000,0x000000077b500000)
  from space 253440K, 88% used [0x000000077b500000,0x0000000788ee4558,0x000000078ac80000)
  to   space 282624K, 0% used [0x000000078da00000,0x000000078da00000,0x000000079ee00000)
 ParOldGen       total 634368K, used 599136K [0x00000006c0000000, 0x00000006e6b80000, 0x000000076ab00000)
  object space 634368K, 94% used [0x00000006c0000000,0x00000006e49180e0,0x00000006e6b80000)
 Metaspace       used 6417K, capacity 7192K, committed 7424K, reserved 1056768K
  class space    used 628K, capacity 656K, committed 768K, reserved 1048576K
}
Event: 70.172 GC heap before
{Heap before GC invocations=57 (full 8):
 PSYoungGen      total 525824K, used 223121K [0x000000076ab00000, 0x000000079ee00000, 0x00000007c0000000)
  eden space 272384K, 0% used [0x000000076ab00000,0x000000076ab00000,0x000000077b500000)
  from space 253440K, 88% used [0x000000077b500000,0x0000000788ee4558,0x000000078ac80000)
  to   space 282624K, 0% used [0x000000078da00000,0x000000078da00000,0x000000079ee00000)
 ParOldGen       total 634368K, used 599136K [0x00000006c0000000, 0x00000006e6b80000, 0x000000076ab00000)
  object space 634368K, 94% used [0x00000006c0000000,0x00000006e49180e0,0x00000006e6b80000)
 Metaspace       used 6417K, capacity 7192K, committed 7424K, reserved 1056768K
  class space    used 628K, capacity 656K, committed 768K, reserved 1048576K
Event: 81.286 GC heap after
Heap after GC invocations=57 (full 8):
 PSYoungGen      total 525824K, used 176309K [0x000000076ab00000, 0x000000079ee00000, 0x00000007c0000000)
  eden space 272384K, 0% used [0x000000076ab00000,0x000000076ab00000,0x000000077b500000)
  from space 253440K, 69% used [0x000000077b500000,0x000000078612d610,0x000000078ac80000)
  to   space 282624K, 0% used [0x000000078da00000,0x000000078da00000,0x000000079ee00000)
 ParOldGen       total 706560K, used 634105K [0x00000006c0000000, 0x00000006eb200000, 0x000000076ab00000)
  object space 706560K, 89% used [0x00000006c0000000,0x00000006e6b3e6b0,0x00000006eb200000)
 Metaspace       used 6417K, capacity 7192K, committed 7424K, reserved 1056768K
  class space    used 628K, capacity 656K, committed 768K, reserved 1048576K
}
Event: 84.879 GC heap before
{Heap before GC invocations=58 (full 8):
 PSYoungGen      total 525824K, used 448693K [0x000000076ab00000, 0x000000079ee00000, 0x00000007c0000000)
  eden space 272384K, 100% used [0x000000076ab00000,0x000000077b500000,0x000000077b500000)
  from space 253440K, 69% used [0x000000077b500000,0x000000078612d610,0x000000078ac80000)
  to   space 282624K, 0% used [0x000000078da00000,0x000000078da00000,0x000000079ee00000)
 ParOldGen       total 706560K, used 634105K [0x00000006c0000000, 0x00000006eb200000, 0x000000076ab00000)
  object space 706560K, 89% used [0x00000006c0000000,0x00000006e6b3e6b0,0x00000006eb200000)
 Metaspace       used 6623K, capacity 7416K, committed 7680K, reserved 1056768K
  class space    used 640K, capacity 688K, committed 768K, reserved 1048576K
Event: 85.531 GC heap after
Heap after GC invocations=58 (full 8):
 PSYoungGen      total 556032K, used 204530K [0x000000076ab00000, 0x00000007a0c00000, 0x00000007c0000000)
  eden space 273408K, 0% used [0x000000076ab00000,0x000000076ab00000,0x000000077b600000)
  from space 282624K, 72% used [0x000000078da00000,0x000000079a1bcb28,0x000000079ee00000)
  to   space 299008K, 0% used [0x000000077b600000,0x000000077b600000,0x000000078da00000)
 ParOldGen       total 706560K, used 634113K [0x00000006c0000000, 0x00000006eb200000, 0x000000076ab00000)
  object space 706560K, 89% used [0x00000006c0000000,0x00000006e6b406b0,0x00000006eb200000)
 Metaspace       used 6623K, capacity 7416K, committed 7680K, reserved 1056768K
  class space    used 640K, capacity 688K, committed 768K, reserved 1048576K
}
Event: 86.240 GC heap before
{Heap before GC invocations=59 (full 8):
 PSYoungGen      total 556032K, used 477938K [0x000000076ab00000, 0x00000007a0c00000, 0x00000007c0000000)
  eden space 273408K, 100% used [0x000000076ab00000,0x000000077b600000,0x000000077b600000)
  from space 282624K, 72% used [0x000000078da00000,0x000000079a1bcb28,0x000000079ee00000)
  to   space 299008K, 0% used [0x000000077b600000,0x000000077b600000,0x000000078da00000)
 ParOldGen       total 706560K, used 634113K [0x00000006c0000000, 0x00000006eb200000, 0x000000076ab00000)
  object space 706560K, 89% used [0x00000006c0000000,0x00000006e6b406b0,0x00000006eb200000)
 Metaspace       used 6626K, capacity 7416K, committed 7680K, reserved 1056768K
  class space    used 640K, capacity 688K, committed 768K, reserved 1048576K
Event: 86.723 GC heap after
Heap after GC invocations=59 (full 8):
 PSYoungGen      total 572416K, used 211382K [0x000000076ab00000, 0x00000007a2d00000, 0x00000007c0000000)
  eden space 273408K, 0% used [0x000000076ab00000,0x000000076ab00000,0x000000077b600000)
  from space 299008K, 70% used [0x000000077b600000,0x000000078846db90,0x000000078da00000)
  to   space 313856K, 0% used [0x000000078fa80000,0x000000078fa80000,0x00000007a2d00000)
 ParOldGen       total 706560K, used 634113K [0x00000006c0000000, 0x00000006eb200000, 0x000000076ab00000)
  object space 706560K, 89% used [0x00000006c0000000,0x00000006e6b406b0,0x00000006eb200000)
 Metaspace       used 6626K, capacity 7416K, committed 7680K, reserved 1056768K
  class space    used 640K, capacity 688K, committed 768K, reserved 1048576K
}

Deoptimization events (10 events):
Event: 83.102 Thread 0x000000001f225800 Uncommon trap: reason=null_check action=make_not_entrant pc=0x0000000003d5d604 method=com.android.dx.dex.code.LocalList$MakeState.checkForEmptyRange(ILcom/android/dx/rop/code/RegisterSpec;)Z @ 119
Event: 83.251 Thread 0x000000001f225800 Uncommon trap: reason=array_check action=maybe_recompile pc=0x0000000003cf44c8 method=java.util.ComparableTimSort.binarySort([Ljava/lang/Object;III)V @ 193
Event: 85.996 Thread 0x000000001e164000 Uncommon trap: reason=null_check action=make_not_entrant pc=0x0000000003302c98 method=com.android.dx.rop.cst.CstString.equals(Ljava/lang/Object;)Z @ 1
Event: 86.228 Thread 0x000000001f225800 Uncommon trap: reason=bimorphic action=maybe_recompile pc=0x0000000003bec480 method=java.util.ComparableTimSort.countRunAndMakeAscending([Ljava/lang/Object;II)I @ 42
Event: 86.923 Thread 0x000000000028e000 Uncommon trap: reason=unreached action=reinterpret pc=0x00000000037baf98 method=java.util.ArrayDeque.pollFirst()Ljava/lang/Object; @ 13
Event: 86.923 Thread 0x000000001e164000 Uncommon trap: reason=unloaded action=reinterpret pc=0x0000000003bdf9dc method=java.util.concurrent.locks.AbstractQueuedSynchronizer.doAcquireInterruptibly(I)V @ 72
Event: 87.135 Thread 0x000000001f225800 Uncommon trap: reason=unreached action=reinterpret pc=0x000000000342e970 method=com.android.dx.dex.file.DebugInfoEncoder.emitLocalsAtAddress(I)I @ 137
Event: 87.669 Thread 0x000000001f081800 Uncommon trap: reason=bimorphic action=maybe_recompile pc=0x0000000003bb8acc method=java.util.concurrent.FutureTask.run()V @ 42
Event: 87.673 Thread 0x000000001f081800 Uncommon trap: reason=class_check action=maybe_recompile pc=0x0000000003c5569c method=com.android.dx.dex.file.UniformItemSection.prepare0()V @ 13
Event: 87.678 Thread 0x000000001f081800 Uncommon trap: reason=predicate action=maybe_recompile pc=0x0000000003c44110 method=com.android.dx.dex.file.UniformItemSection.prepare0()V @ 19

Internal exceptions (10 events):
Event: 81.715 Thread 0x000000001f225800 Exception <a 'java/security/PrivilegedActionException'> (0x000000076c217fe0) thrown at [C:\re\workspace\8-2-build-windows-amd64-cygwin\jdk8u11\648\hotspot\src\share\vm\prims\jvm.cpp, line 1248]
Event: 82.652 Thread 0x000000001f225800 Exception <a 'java/security/PrivilegedActionException'> (0x000000076f81e898) thrown at [C:\re\workspace\8-2-build-windows-amd64-cygwin\jdk8u11\648\hotspot\src\share\vm\prims\jvm.cpp, line 1248]
Event: 83.102 Thread 0x000000001f225800 Implicit null exception at 0x0000000003d5c729 to 0x0000000003d5d5f5
Event: 85.996 Thread 0x000000001e164000 Implicit null exception at 0x0000000003302b8c to 0x0000000003302c8a
Event: 86.760 Thread 0x000000001f225800 Exception <a 'java/security/PrivilegedActionException'> (0x000000076b08f668) thrown at [C:\re\workspace\8-2-build-windows-amd64-cygwin\jdk8u11\648\hotspot\src\share\vm\prims\jvm.cpp, line 1248]
Event: 86.767 Thread 0x000000001f225800 Exception <a 'java/security/PrivilegedActionException'> (0x000000076b09b558) thrown at [C:\re\workspace\8-2-build-windows-amd64-cygwin\jdk8u11\648\hotspot\src\share\vm\prims\jvm.cpp, line 1248]
Event: 86.768 Thread 0x000000001f225800 Exception <a 'java/security/PrivilegedActionException'> (0x000000076b09e298) thrown at [C:\re\workspace\8-2-build-windows-amd64-cygwin\jdk8u11\648\hotspot\src\share\vm\prims\jvm.cpp, line 1248]
Event: 87.139 Thread 0x000000001f225800 Exception <a 'java/security/PrivilegedActionException'> (0x000000076dc10a20) thrown at [C:\re\workspace\8-2-build-windows-amd64-cygwin\jdk8u11\648\hotspot\src\share\vm\prims\jvm.cpp, line 1248]
Event: 87.468 Thread 0x000000001f225800 Exception <a 'java/security/PrivilegedActionException'> (0x000000076f1c8a68) thrown at [C:\re\workspace\8-2-build-windows-amd64-cygwin\jdk8u11\648\hotspot\src\share\vm\prims\jvm.cpp, line 1248]
Event: 87.548 Thread 0x000000001f225800 Exception <a 'java/security/PrivilegedActionException'> (0x000000076f1ce8c0) thrown at [C:\re\workspace\8-2-build-windows-amd64-cygwin\jdk8u11\648\hotspot\src\share\vm\prims\jvm.cpp, line 1248]

Events (10 events):
Event: 87.548 loading class com/android/dex/DexFormat done
Event: 87.669 Thread 0x000000001f081800 Uncommon trap: trap_request=0xffffffc6 fr.pc=0x0000000003bb8acc
Event: 87.669 Thread 0x000000001f081800 DEOPT PACKING pc=0x0000000003bb8acc sp=0x000000002063f3e0
Event: 87.669 Thread 0x000000001f081800 DEOPT UNPACKING pc=0x0000000002f355af sp=0x000000002063f3c8 mode 2
Event: 87.673 Thread 0x000000001f081800 Uncommon trap: trap_request=0xffffffde fr.pc=0x0000000003c5569c
Event: 87.673 Thread 0x000000001f081800 DEOPT PACKING pc=0x0000000003c5569c sp=0x000000002063f0c0
Event: 87.673 Thread 0x000000001f081800 DEOPT UNPACKING pc=0x0000000002f355af sp=0x000000002063f070 mode 2
Event: 87.678 Thread 0x000000001f081800 Uncommon trap: trap_request=0xffffff86 fr.pc=0x0000000003c44110
Event: 87.678 Thread 0x000000001f081800 DEOPT PACKING pc=0x0000000003c44110 sp=0x000000002063f0c0
Event: 87.678 Thread 0x000000001f081800 DEOPT UNPACKING pc=0x0000000002f355af sp=0x000000002063f078 mode 2


Dynamic libraries:
0x000000013f9f0000 - 0x000000013fa24000 	C:\Program Files\Java\jdk1.8.0_11\bin\java.exe
0x0000000077050000 - 0x00000000771fa000 	C:\Windows\SYSTEM32\ntdll.dll
0x0000000076f30000 - 0x000000007704f000 	C:\Windows\system32\kernel32.dll
0x000007fefcdc0000 - 0x000007fefce2a000 	C:\Windows\system32\KERNELBASE.dll
0x000007fefa210000 - 0x000007fefa294000 	C:\Windows\system32\tmumh\20019\AddOn\6.80.0.1007\TmUmEvt64.dll
0x0000000077220000 - 0x0000000077227000 	C:\Windows\system32\PSAPI.DLL
0x000007fefe930000 - 0x000007fefe9a1000 	C:\Windows\system32\SHLWAPI.dll
0x000007feff280000 - 0x000007feff2e7000 	C:\Windows\system32\GDI32.dll
0x0000000076e30000 - 0x0000000076f2a000 	C:\Windows\system32\USER32.dll
0x000007fefdf60000 - 0x000007fefdf6e000 	C:\Windows\system32\LPK.dll
0x000007fefe9b0000 - 0x000007fefea7a000 	C:\Windows\system32\USP10.dll
0x000007fefe390000 - 0x000007fefe42f000 	C:\Windows\system32\msvcrt.dll
0x000007fefe1e0000 - 0x000007fefe2bb000 	C:\Windows\system32\ADVAPI32.dll
0x000007fefe510000 - 0x000007fefe52f000 	C:\Windows\SYSTEM32\sechost.dll
0x000007fefe800000 - 0x000007fefe92d000 	C:\Windows\system32\RPCRT4.dll
0x00000000749d0000 - 0x0000000074aee000 	C:\Windows\system32\tmumh\20019\TmMon\1.6.0.1163\tmmon64.dll
0x000007fefe2c0000 - 0x000007fefe2ee000 	C:\Windows\system32\IMM32.DLL
0x000007feff0d0000 - 0x000007feff1d9000 	C:\Windows\system32\MSCTF.dll
0x000007fefb780000 - 0x000007fefb974000 	C:\Windows\WinSxS\amd64_microsoft.windows.common-controls_6595b64144ccf1df_6.0.7601.18837_none_fa3b1e3d17594757\COMCTL32.dll
0x00000000555b0000 - 0x0000000055682000 	C:\Program Files\Java\jdk1.8.0_11\jre\bin\msvcr100.dll
0x0000000053de0000 - 0x000000005460a000 	C:\Program Files\Java\jdk1.8.0_11\jre\bin\server\jvm.dll
0x000007fef7c80000 - 0x000007fef7c89000 	C:\Windows\system32\WSOCK32.dll
0x000007feff2f0000 - 0x000007feff33d000 	C:\Windows\system32\WS2_32.dll
0x000007fefd1c0000 - 0x000007fefd1c8000 	C:\Windows\system32\NSI.dll
0x000007fefa830000 - 0x000007fefa86b000 	C:\Windows\system32\WINMM.dll
0x000000005ec20000 - 0x000000005ec2f000 	C:\Program Files\Java\jdk1.8.0_11\jre\bin\verify.dll
0x000000005eae0000 - 0x000000005eb08000 	C:\Program Files\Java\jdk1.8.0_11\jre\bin\java.dll
0x000000005eac0000 - 0x000000005ead6000 	C:\Program Files\Java\jdk1.8.0_11\jre\bin\zip.dll
0x000007fefd1d0000 - 0x000007fefdf5a000 	C:\Windows\system32\SHELL32.dll
0x000000001db60000 - 0x000000001dd63000 	C:\Windows\system32\ole32.dll
0x000007fefcd90000 - 0x000007fefcd9f000 	C:\Windows\system32\profapi.dll
0x000007fef6490000 - 0x000007fef65b5000 	C:\Windows\system32\dbghelp.dll

VM Arguments:
jvm_args: -Djava.awt.headless=true -Xmx4g -Dfile.encoding=x-windows-950 -Duser.country=TW -Duser.language=zh -Duser.variant 
java_command: com.android.dx.command.Main --dex --num-threads=4 --multi-dex --main-dex-list D:\Android Studio\AndroidStudioProjects\Gmap\app\build\intermediates\multi-dex\debug\maindexlist.txt --output D:\Android Studio\AndroidStudioProjects\Gmap\app\build\intermediates\transforms\dex\debug\folders\1000\1f\main D:\Android Studio\AndroidStudioProjects\Gmap\app\build\intermediates\transforms\jarMerging\debug\jars\1\1f\combined.jar
java_class_path (initial): D:\adt-bundle-windows-x86_64-20140702\sdk\build-tools\24.0.0\lib\dx.jar
Launcher Type: SUN_STANDARD

Environment Variables:
PATH=C:\ProgramData\Oracle\Java\javapath;C:\Program Files (x86)\Intel\iCLS Client\;C:\Program Files\Intel\iCLS Client\;C:\Program Files\Common Files\Microsoft Shared\Windows Live;C:\Program Files (x86)\Common Files\Microsoft Shared\Windows Live;C:\Windows\system32;C:\Windows;C:\Windows\System32\Wbem;C:\Windows\System32\WindowsPowerShell\v1.0\;C:\Program Files (x86)\Windows Live\Shared;C:\Program Files (x86)\Intel\OpenCL SDK\2.0\bin\x86;C:\Program Files (x86)\Intel\OpenCL SDK\2.0\bin\x64;C:\Program Files\Intel\Intel(R) Management Engine Components\DAL;C:\Program Files\Intel\Intel(R) Management Engine Components\IPT;C:\Program Files (x86)\Intel\Intel(R) Management Engine Components\DAL;C:\Program Files (x86)\Intel\Intel(R) Management Engine Components\IPT;C:\Program Files\Intel\WiFi\bin\;C:\Program Files\Common Files\Intel\WirelessCommon\;C:\Program Files (x86)\Git\cmd;C:\Program Files (x86)\Skype\Phone\
USERNAME=03070048
OS=Windows_NT
PROCESSOR_IDENTIFIER=Intel64 Family 6 Model 58 Stepping 9, GenuineIntel



---------------  S Y S T E M  ---------------

OS: Windows 7 , 64 bit Build 7601 Service Pack 1

CPU:total 4 (2 cores per cpu, 2 threads per core) family 6 model 58 stepping 9, cmov, cx8, fxsr, mmx, sse, sse2, sse3, ssse3, sse4.1, sse4.2, popcnt, avx, aes, clmul, erms, ht, tsc, tscinvbit

Memory: 4k page, physical 12456536k(4218320k free), swap 24911212k(15570516k free)

vm_info: Java HotSpot(TM) 64-Bit Server VM (25.11-b03) for windows-amd64 JRE (1.8.0_11-b12), built on Jun 16 2014 20:57:32 by "java_re" with MS VC++ 10.0 (VS2010)

time: Tue Dec 13 12:57:49 2016
elapsed time: 87 seconds

