#
# A fatal error has been detected by the Java Runtime Environment:
#
#  EXCEPTION_ACCESS_VIOLATION (0xc0000005) at pc=0x0000000053ee1238, pid=9996, tid=6300
#
# JRE version: Java(TM) SE Runtime Environment (8.0_11-b12) (build 1.8.0_11-b12)
# Java VM: Java HotSpot(TM) 64-Bit Server VM (25.11-b03 mixed mode windows-amd64 compressed oops)
# Problematic frame:
# V  [jvm.dll+0x101238]
#
# Failed to write core dump. Minidumps are not enabled by default on client versions of Windows
#
# If you would like to submit a bug report, please visit:
#   http://bugreport.sun.com/bugreport/crash.jsp
#

---------------  T H R E A D  ---------------

Current thread (0x00000000023c0000):  GCTaskThread [stack: 0x0000000002810000,0x0000000002910000] [id=6300]

siginfo: ExceptionCode=0xc0000005, reading address 0xffffffffffffffff

Registers:
RAX=0x0000000013360000, RBX=0x0000000000000020, RCX=0x0000000000000000, RDX=0x0000000000000004
RSP=0x000000000290f4e0, RBP=0x00000006c4d68124, RSI=0x000000001c482e70, RDI=0x000000001c482e70
R8 =0x007ffffffca00000, R9 =0x00000007c007b668, R10=0x000000000000000c, R11=0x000000005439d448
R12=0x00000006c4d68134, R13=0x00000007c007b8c8, R14=0x00000007c007b8d0, R15=0x00000006c4d68110
RIP=0x0000000053ee1238, EFLAGS=0x0000000000010202

Top of Stack: (sp=0x000000000290f4e0)
0x000000000290f4e0:   00000007c007b668 00000006c4d680f0
0x000000000290f4f0:   000000001c482e70 0000000053fdbea2
0x000000000290f500:   0000000000000000 00000000023c0790
0x000000000290f510:   00000000023bca40 0000000000000002
0x000000000290f520:   000000000000002d 00000000541a7d80
0x000000000290f530:   000000001c482e70 0000000000000000
0x000000000290f540:   000000001c482e70 00000000543e85b0
0x000000000290f550:   00000006c529be30 00000000541abed8
0x000000000290f560:   00000000545912b0 0000000000000005
0x000000000290f570:   0000000000000000 0000000000000299
0x000000000290f580:   00000006c3784e44 0000000053ee1306
0x000000000290f590:   00000006c529be30 00000000023bca40
0x000000000290f5a0:   00000000023c07a0 00000000023c0790
0x000000000290f5b0:   00000000543e85b0 0000000000000002
0x000000000290f5c0:   000000001f50f860 0000000000000000
0x000000000290f5d0:   000000001c482e70 00000000541a579f 

Instructions: (pc=0x0000000053ee1238)
0x0000000053ee1218:   05 93 00 6b 00 49 c1 e8 03 49 d3 e8 41 0f b6 c0
0x0000000053ee1228:   49 c1 e8 06 24 3f 0f b6 d0 48 8b 05 a8 00 6b 00
0x0000000053ee1238:   4a 8b 0c c0 48 0f a3 d1 0f 82 59 01 00 00 0f b6
0x0000000053ee1248:   15 ac 70 6a 00 84 d2 74 16 44 8b 43 08 8b 0d fd 


Register to memory mapping:

RAX=0x0000000013360000 is an unknown value
RBX=0x0000000000000020 is an unknown value
RCX=0x0000000000000000 is an unknown value
RDX=0x0000000000000004 is an unknown value
RSP=0x000000000290f4e0 is an unknown value
RBP=0x00000006c4d68124 is pointing into object: 0x00000006c4d68110
com.android.dx.rop.code.ThrowingCstInsn 
 - klass: 'com/android/dx/rop/code/ThrowingCstInsn'
RSI=0x000000001c482e70 is an unknown value
RDI=0x000000001c482e70 is an unknown value
R8 =0x007ffffffca00000 is an unknown value
R9 =0x00000007c007b668 is an unknown value
R10=0x000000000000000c is an unknown value
R11=0x000000005439d448 is an unknown value
R12=0x00000006c4d68134 is pointing into object: 0x00000006c4d68110
com.android.dx.rop.code.ThrowingCstInsn 
 - klass: 'com/android/dx/rop/code/ThrowingCstInsn'
R13=0x00000007c007b8c8 is an unknown value
R14=0x00000007c007b8d0 is an unknown value
R15=0x00000006c4d68110 is an oop
com.android.dx.rop.code.ThrowingCstInsn 
 - klass: 'com/android/dx/rop/code/ThrowingCstInsn'


Stack: [0x0000000002810000,0x0000000002910000],  sp=0x000000000290f4e0,  free space=1021k
Native frames: (J=compiled Java code, j=interpreted, Vv=VM code, C=native code)
V  [jvm.dll+0x101238]
V  [jvm.dll+0x3c7d80]
V  [jvm.dll+0x3c579f]
V  [jvm.dll+0x3c299e]
V  [jvm.dll+0x27bcca]
C  [msvcr100.dll+0x21d9f]
C  [msvcr100.dll+0x21e3b]
C  [kernel32.dll+0x159cd]
C  [ntdll.dll+0x2a561]


---------------  P R O C E S S  ---------------

Java Threads: ( => current thread )
  0x000000001ebba800 JavaThread "pool-2-thread-4" [_thread_blocked, id=936, stack(0x0000000020670000,0x0000000020770000)]
  0x000000001f078800 JavaThread "pool-2-thread-3" [_thread_blocked, id=9776, stack(0x000000001e840000,0x000000001e940000)]
  0x000000001f076000 JavaThread "pool-2-thread-2" [_thread_blocked, id=9792, stack(0x0000000020550000,0x0000000020650000)]
  0x000000001edbc000 JavaThread "pool-3-thread-1" [_thread_blocked, id=1204, stack(0x000000001e450000,0x000000001e550000)]
  0x000000001ed50800 JavaThread "pool-2-thread-1" [_thread_blocked, id=9496, stack(0x0000000020340000,0x0000000020440000)]
  0x000000001db3e000 JavaThread "Service Thread" daemon [_thread_blocked, id=8828, stack(0x000000001e6f0000,0x000000001e7f0000)]
  0x000000001dac2000 JavaThread "C1 CompilerThread2" daemon [_thread_blocked, id=9088, stack(0x000000001e550000,0x000000001e650000)]
  0x000000001dabf800 JavaThread "C2 CompilerThread1" daemon [_thread_blocked, id=8448, stack(0x000000001e170000,0x000000001e270000)]
  0x000000001daa8800 JavaThread "C2 CompilerThread0" daemon [_thread_blocked, id=2788, stack(0x000000001e300000,0x000000001e400000)]
  0x000000001da9d000 JavaThread "Attach Listener" daemon [_thread_blocked, id=9800, stack(0x000000001e060000,0x000000001e160000)]
  0x000000001da9a000 JavaThread "Signal Dispatcher" daemon [_thread_blocked, id=4920, stack(0x000000001deb0000,0x000000001dfb0000)]
  0x000000001c4f8800 JavaThread "Finalizer" daemon [_thread_blocked, id=8284, stack(0x000000001d630000,0x000000001d730000)]
  0x000000001c4ed800 JavaThread "Reference Handler" daemon [_thread_blocked, id=8436, stack(0x000000001d780000,0x000000001d880000)]
  0x000000000251e800 JavaThread "main" [_thread_blocked, id=7376, stack(0x0000000002d10000,0x0000000002e10000)]

Other Threads:
  0x000000001c4e6000 VMThread [stack: 0x000000001d4d0000,0x000000001d5d0000] [id=9076]
  0x000000001db43800 WatcherThread [stack: 0x000000001e940000,0x000000001ea40000] [id=1220]

=>0x00000000023c0000 (exited) GCTaskThread [stack: 0x0000000002810000,0x0000000002910000] [id=6300]

VM state:at safepoint (normal execution)

VM Mutex/Monitor currently owned by a thread:  ([mutex/lock_event])
[0x000000000251c680] Threads_lock - owner thread: 0x000000001c4e6000
[0x000000000251cb80] Heap_lock - owner thread: 0x000000001f078800

Heap:
 PSYoungGen      total 326144K, used 34825K [0x000000076ab00000, 0x0000000781f80000, 0x00000007c0000000)
  eden space 286208K, 0% used [0x000000076ab00000,0x000000076ab00000,0x000000077c280000)
  from space 39936K, 87% used [0x000000077ee80000,0x0000000781082710,0x0000000781580000)
  to   space 45056K, 0% used [0x000000077c280000,0x000000077c280000,0x000000077ee80000)
 ParOldGen       total 195072K, used 168895K [0x00000006c0000000, 0x00000006cbe80000, 0x000000076ab00000)
  object space 195072K, 86% used [0x00000006c0000000,0x00000006ca4efc88,0x00000006cbe80000)
 Metaspace       used 6286K, capacity 7128K, committed 7424K, reserved 1056768K
  class space    used 621K, capacity 656K, committed 768K, reserved 1048576K

Card table byte_map: [0x00000000121d0000,0x00000000129e0000] byte_map_base: 0x000000000ebd0000

Marking Bits: (ParMarkBitMap*) 0x00000000545912b0
 Begin Bits: [0x0000000013360000, 0x0000000017360000)
 End Bits:   [0x0000000017360000, 0x000000001b360000)

Polling page: 0x0000000000140000

CodeCache: size=245760Kb used=9076Kb max_used=10928Kb free=236683Kb
 bounds [0x0000000002e10000, 0x00000000038e0000, 0x0000000011e10000]
 total_blobs=2322 nmethods=2054 adapters=181
 compilation: enabled

Compilation events (10 events):
Event: 17.262 Thread 0x000000001daa8800 2484       4       com.android.dx.dex.code.RopTranslator$TranslationVisitor::visitThrowingCstInsn (225 bytes)
Event: 17.269 Thread 0x000000001dabf800 nmethod 2552 0x000000000370cfd0 code [0x000000000370d800, 0x0000000003716220]
Event: 17.270 Thread 0x000000001dabf800 2500       4       com.android.dx.rop.code.BasicBlockList$RegCountVisitor::visitPlainCstInsn (6 bytes)
Event: 17.277 Thread 0x000000001dabf800 nmethod 2500 0x00000000030c1b90 code [0x00000000030c1ce0, 0x00000000030c1f78]
Event: 17.277 Thread 0x000000001dabf800 2474       4       com.android.dx.cf.code.BasicBlocker::visitThrowing (59 bytes)
Event: 17.301 Thread 0x000000001dac2000 2577       2       com.android.dx.util.ByteArray::getLong (104 bytes)
Event: 17.302 Thread 0x000000001dac2000 nmethod 2577 0x0000000003126910 code [0x0000000003126a80, 0x0000000003126dc8]
Event: 17.302 Thread 0x000000001dac2000 2578       2       com.android.dx.rop.cst.CstLiteral64::isCategory2 (2 bytes)
Event: 17.302 Thread 0x000000001dac2000 nmethod 2578 0x0000000003062490 code [0x00000000030625e0, 0x0000000003062730]
Event: 17.304 Thread 0x000000001dac2000 2579       2       com.android.dx.ssa.SsaBasicBlock::getPrimarySuccessor (27 bytes)

GC Heap History (10 events):
Event: 11.515 GC heap after
Heap after GC invocations=24 (full 0):
 PSYoungGen      total 198656K, used 18929K [0x000000076ab00000, 0x0000000778c80000, 0x00000007c0000000)
  eden space 172544K, 0% used [0x000000076ab00000,0x000000076ab00000,0x0000000775380000)
  from space 26112K, 72% used [0x0000000776f00000,0x000000077817c6b8,0x0000000778880000)
  to   space 28160K, 0% used [0x0000000775380000,0x0000000775380000,0x0000000776f00000)
 ParOldGen       total 195072K, used 83677K [0x00000006c0000000, 0x00000006cbe80000, 0x000000076ab00000)
  object space 195072K, 42% used [0x00000006c0000000,0x00000006c51b7650,0x00000006cbe80000)
 Metaspace       used 6256K, capacity 7128K, committed 7424K, reserved 1056768K
  class space    used 619K, capacity 656K, committed 768K, reserved 1048576K
}
Event: 12.993 GC heap before
{Heap before GC invocations=25 (full 0):
 PSYoungGen      total 198656K, used 191473K [0x000000076ab00000, 0x0000000778c80000, 0x00000007c0000000)
  eden space 172544K, 100% used [0x000000076ab00000,0x0000000775380000,0x0000000775380000)
  from space 26112K, 72% used [0x0000000776f00000,0x000000077817c6b8,0x0000000778880000)
  to   space 28160K, 0% used [0x0000000775380000,0x0000000775380000,0x0000000776f00000)
 ParOldGen       total 195072K, used 83677K [0x00000006c0000000, 0x00000006cbe80000, 0x000000076ab00000)
  object space 195072K, 42% used [0x00000006c0000000,0x00000006c51b7650,0x00000006cbe80000)
 Metaspace       used 6269K, capacity 7128K, committed 7424K, reserved 1056768K
  class space    used 619K, capacity 656K, committed 768K, reserved 1048576K
Event: 13.109 GC heap after
Heap after GC invocations=25 (full 0):
 PSYoungGen      total 200704K, used 28147K [0x000000076ab00000, 0x000000077d480000, 0x00000007c0000000)
  eden space 172544K, 0% used [0x000000076ab00000,0x000000076ab00000,0x0000000775380000)
  from space 28160K, 99% used [0x0000000775380000,0x0000000776efccd8,0x0000000776f00000)
  to   space 39936K, 0% used [0x000000077ad80000,0x000000077ad80000,0x000000077d480000)
 ParOldGen       total 195072K, used 102542K [0x00000006c0000000, 0x00000006cbe80000, 0x000000076ab00000)
  object space 195072K, 52% used [0x00000006c0000000,0x00000006c6423860,0x00000006cbe80000)
 Metaspace       used 6269K, capacity 7128K, committed 7424K, reserved 1056768K
  class space    used 619K, capacity 656K, committed 768K, reserved 1048576K
}
Event: 14.364 GC heap before
{Heap before GC invocations=26 (full 0):
 PSYoungGen      total 200704K, used 200691K [0x000000076ab00000, 0x000000077d480000, 0x00000007c0000000)
  eden space 172544K, 100% used [0x000000076ab00000,0x0000000775380000,0x0000000775380000)
  from space 28160K, 99% used [0x0000000775380000,0x0000000776efccd8,0x0000000776f00000)
  to   space 39936K, 0% used [0x000000077ad80000,0x000000077ad80000,0x000000077d480000)
 ParOldGen       total 195072K, used 102542K [0x00000006c0000000, 0x00000006cbe80000, 0x000000076ab00000)
  object space 195072K, 52% used [0x00000006c0000000,0x00000006c6423860,0x00000006cbe80000)
 Metaspace       used 6279K, capacity 7128K, committed 7424K, reserved 1056768K
  class space    used 619K, capacity 656K, committed 768K, reserved 1048576K
Event: 14.474 GC heap after
Heap after GC invocations=26 (full 0):
 PSYoungGen      total 263680K, used 23242K [0x000000076ab00000, 0x000000077d680000, 0x00000007c0000000)
  eden space 223744K, 0% used [0x000000076ab00000,0x000000076ab00000,0x0000000778580000)
  from space 39936K, 58% used [0x000000077ad80000,0x000000077c4329c0,0x000000077d480000)
  to   space 40960K, 0% used [0x0000000778580000,0x0000000778580000,0x000000077ad80000)
 ParOldGen       total 195072K, used 128960K [0x00000006c0000000, 0x00000006cbe80000, 0x000000076ab00000)
  object space 195072K, 66% used [0x00000006c0000000,0x00000006c7df0218,0x00000006cbe80000)
 Metaspace       used 6279K, capacity 7128K, committed 7424K, reserved 1056768K
  class space    used 619K, capacity 656K, committed 768K, reserved 1048576K
}
Event: 15.484 GC heap before
{Heap before GC invocations=27 (full 0):
 PSYoungGen      total 263680K, used 246986K [0x000000076ab00000, 0x000000077d680000, 0x00000007c0000000)
  eden space 223744K, 100% used [0x000000076ab00000,0x0000000778580000,0x0000000778580000)
  from space 39936K, 58% used [0x000000077ad80000,0x000000077c4329c0,0x000000077d480000)
  to   space 40960K, 0% used [0x0000000778580000,0x0000000778580000,0x000000077ad80000)
 ParOldGen       total 195072K, used 128960K [0x00000006c0000000, 0x00000006cbe80000, 0x000000076ab00000)
  object space 195072K, 66% used [0x00000006c0000000,0x00000006c7df0218,0x00000006cbe80000)
 Metaspace       used 6282K, capacity 7128K, committed 7424K, reserved 1056768K
  class space    used 620K, capacity 656K, committed 768K, reserved 1048576K
Event: 15.568 GC heap after
Heap after GC invocations=27 (full 0):
 PSYoungGen      total 264704K, used 18133K [0x000000076ab00000, 0x0000000781580000, 0x00000007c0000000)
  eden space 223744K, 0% used [0x000000076ab00000,0x000000076ab00000,0x0000000778580000)
  from space 40960K, 44% used [0x0000000778580000,0x0000000779735780,0x000000077ad80000)
  to   space 39936K, 0% used [0x000000077ee80000,0x000000077ee80000,0x0000000781580000)
 ParOldGen       total 195072K, used 151621K [0x00000006c0000000, 0x00000006cbe80000, 0x000000076ab00000)
  object space 195072K, 77% used [0x00000006c0000000,0x00000006c94117d8,0x00000006cbe80000)
 Metaspace       used 6282K, capacity 7128K, committed 7424K, reserved 1056768K
  class space    used 620K, capacity 656K, committed 768K, reserved 1048576K
}
Event: 17.304 GC heap before
{Heap before GC invocations=28 (full 0):
 PSYoungGen      total 264704K, used 241877K [0x000000076ab00000, 0x0000000781580000, 0x00000007c0000000)
  eden space 223744K, 100% used [0x000000076ab00000,0x0000000778580000,0x0000000778580000)
  from space 40960K, 44% used [0x0000000778580000,0x0000000779735780,0x000000077ad80000)
  to   space 39936K, 0% used [0x000000077ee80000,0x000000077ee80000,0x0000000781580000)
 ParOldGen       total 195072K, used 151621K [0x00000006c0000000, 0x00000006cbe80000, 0x000000076ab00000)
  object space 195072K, 77% used [0x00000006c0000000,0x00000006c94117d8,0x00000006cbe80000)
 Metaspace       used 6286K, capacity 7128K, committed 7424K, reserved 1056768K
  class space    used 621K, capacity 656K, committed 768K, reserved 1048576K
Event: 17.411 GC heap after
Heap after GC invocations=28 (full 0):
 PSYoungGen      total 326144K, used 34825K [0x000000076ab00000, 0x0000000781f80000, 0x00000007c0000000)
  eden space 286208K, 0% used [0x000000076ab00000,0x000000076ab00000,0x000000077c280000)
  from space 39936K, 87% used [0x000000077ee80000,0x0000000781082710,0x0000000781580000)
  to   space 45056K, 0% used [0x000000077c280000,0x000000077c280000,0x000000077ee80000)
 ParOldGen       total 195072K, used 168895K [0x00000006c0000000, 0x00000006cbe80000, 0x000000076ab00000)
  object space 195072K, 86% used [0x00000006c0000000,0x00000006ca4efc88,0x00000006cbe80000)
 Metaspace       used 6286K, capacity 7128K, committed 7424K, reserved 1056768K
  class space    used 621K, capacity 656K, committed 768K, reserved 1048576K
}
Event: 17.411 GC heap before
{Heap before GC invocations=29 (full 1):
 PSYoungGen      total 326144K, used 34825K [0x000000076ab00000, 0x0000000781f80000, 0x00000007c0000000)
  eden space 286208K, 0% used [0x000000076ab00000,0x000000076ab00000,0x000000077c280000)
  from space 39936K, 87% used [0x000000077ee80000,0x0000000781082710,0x0000000781580000)
  to   space 45056K, 0% used [0x000000077c280000,0x000000077c280000,0x000000077ee80000)
 ParOldGen       total 195072K, used 168895K [0x00000006c0000000, 0x00000006cbe80000, 0x000000076ab00000)
  object space 195072K, 86% used [0x00000006c0000000,0x00000006ca4efc88,0x00000006cbe80000)
 Metaspace       used 6286K, capacity 7128K, committed 7424K, reserved 1056768K
  class space    used 621K, capacity 656K, committed 768K, reserved 1048576K

Deoptimization events (10 events):
Event: 15.676 Thread 0x000000001f078800 Uncommon trap: reason=bimorphic action=maybe_recompile pc=0x000000000367ccb8 method=java.util.HashMap.putVal(ILjava/lang/Object;Ljava/lang/Object;ZZ)Ljava/lang/Object; @ 203
Event: 15.686 Thread 0x000000001f078800 Uncommon trap: reason=bimorphic action=maybe_recompile pc=0x00000000038cdd5c method=com.android.dx.cf.code.BytecodeArray.parseInstruction(ILcom/android/dx/cf/code/BytecodeArray$Visitor;)I @ 1417
Event: 15.686 Thread 0x000000001f078800 Uncommon trap: reason=bimorphic action=maybe_recompile pc=0x00000000038cdd5c method=com.android.dx.cf.code.BytecodeArray.parseInstruction(ILcom/android/dx/cf/code/BytecodeArray$Visitor;)I @ 1417
Event: 16.201 Thread 0x000000001f078800 Uncommon trap: reason=class_check action=maybe_recompile pc=0x0000000003285a30 method=com.android.dx.cf.code.Simulator$SimVisitor.visitConstant(IIILcom/android/dx/rop/cst/Constant;I)V @ 103
Event: 16.201 Thread 0x000000001f078800 Uncommon trap: reason=class_check action=maybe_recompile pc=0x0000000003285a30 method=com.android.dx.cf.code.Simulator$SimVisitor.visitConstant(IIILcom/android/dx/rop/cst/Constant;I)V @ 103
Event: 16.210 Thread 0x000000001ebba800 Uncommon trap: reason=class_check action=maybe_recompile pc=0x0000000003285a30 method=com.android.dx.cf.code.Simulator$SimVisitor.visitConstant(IIILcom/android/dx/rop/cst/Constant;I)V @ 103
Event: 16.213 Thread 0x000000001ebba800 Uncommon trap: reason=class_check action=maybe_recompile pc=0x0000000003285a30 method=com.android.dx.cf.code.Simulator$SimVisitor.visitConstant(IIILcom/android/dx/rop/cst/Constant;I)V @ 103
Event: 17.303 Thread 0x000000001f078800 Uncommon trap: reason=class_check action=maybe_recompile pc=0x000000000365a264 method=com.android.dx.cf.code.RopperMachine.run(Lcom/android/dx/cf/code/Frame;II)V @ 1024
Event: 17.303 Thread 0x000000001f078800 Uncommon trap: reason=class_check action=maybe_recompile pc=0x000000000365a264 method=com.android.dx.cf.code.RopperMachine.run(Lcom/android/dx/cf/code/Frame;II)V @ 1024
Event: 17.303 Thread 0x000000001f078800 Uncommon trap: reason=class_check action=maybe_recompile pc=0x000000000365a264 method=com.android.dx.cf.code.RopperMachine.run(Lcom/android/dx/cf/code/Frame;II)V @ 1024

Internal exceptions (10 events):
Event: 5.304 Thread 0x000000001f076000 Exception <a 'java/lang/ArrayIndexOutOfBoundsException': 18> (0x000000076e40c2a8) thrown at [C:\re\workspace\8-2-build-windows-amd64-cygwin\jdk8u11\648\hotspot\src\share\vm\interpreter\interpreterRuntime.cpp, line 337]
Event: 5.304 Thread 0x000000001f076000 Exception <a 'java/lang/ArrayIndexOutOfBoundsException': 145> (0x000000076e40dd40) thrown at [C:\re\workspace\8-2-build-windows-amd64-cygwin\jdk8u11\648\hotspot\src\share\vm\interpreter\interpreterRuntime.cpp, line 337]
Event: 5.306 Thread 0x000000001f076000 Exception <a 'java/lang/ArrayIndexOutOfBoundsException'> (0x000000076e40ef58) thrown at [C:\re\workspace\8-2-build-windows-amd64-cygwin\jdk8u11\648\hotspot\src\share\vm\runtime\sharedRuntime.cpp, line 595]
Event: 5.688 Thread 0x000000001f078800 Exception <a 'java/security/PrivilegedActionException'> (0x000000076b89ff50) thrown at [C:\re\workspace\8-2-build-windows-amd64-cygwin\jdk8u11\648\hotspot\src\share\vm\prims\jvm.cpp, line 1248]
Event: 9.810 Thread 0x000000000251e800 Implicit null exception at 0x000000000370eb30 to 0x0000000003713edd
Event: 15.080 Thread 0x000000000251e800 Exception <a 'java/security/PrivilegedActionException'> (0x000000076e7b7d88) thrown at [C:\re\workspace\8-2-build-windows-amd64-cygwin\jdk8u11\648\hotspot\src\share\vm\prims\jvm.cpp, line 1248]
Event: 15.089 Thread 0x000000000251e800 Implicit null exception at 0x0000000002fb4e37 to 0x0000000002fb62f9
Event: 15.382 Thread 0x000000001f076000 Exception <a 'java/security/PrivilegedActionException'> (0x000000077794e758) thrown at [C:\re\workspace\8-2-build-windows-amd64-cygwin\jdk8u11\648\hotspot\src\share\vm\prims\jvm.cpp, line 1248]
Event: 15.574 Thread 0x000000001ebba800 Exception <a 'java/security/PrivilegedActionException'> (0x000000076abc3380) thrown at [C:\re\workspace\8-2-build-windows-amd64-cygwin\jdk8u11\648\hotspot\src\share\vm\prims\jvm.cpp, line 1248]
Event: 17.285 Thread 0x000000000251e800 Exception <a 'java/security/PrivilegedActionException'> (0x0000000777bab710) thrown at [C:\re\workspace\8-2-build-windows-amd64-cygwin\jdk8u11\648\hotspot\src\share\vm\prims\jvm.cpp, line 1248]

Events (10 events):
Event: 17.303 Thread 0x000000001f078800 Uncommon trap: trap_request=0xffffffde fr.pc=0x000000000365a264
Event: 17.303 Thread 0x000000001f078800 DEOPT PACKING pc=0x000000000365a264 sp=0x000000001e93e4a0
Event: 17.303 Thread 0x000000001f078800 DEOPT UNPACKING pc=0x0000000002e555af sp=0x000000001e93e448 mode 2
Event: 17.303 Thread 0x000000001f078800 Uncommon trap: trap_request=0xffffffde fr.pc=0x000000000365a264
Event: 17.303 Thread 0x000000001f078800 DEOPT PACKING pc=0x000000000365a264 sp=0x000000001e93e4a0
Event: 17.303 Thread 0x000000001f078800 DEOPT UNPACKING pc=0x0000000002e555af sp=0x000000001e93e448 mode 2
Event: 17.303 Thread 0x000000001f078800 Uncommon trap: trap_request=0xffffffde fr.pc=0x000000000365a264
Event: 17.303 Thread 0x000000001f078800 DEOPT PACKING pc=0x000000000365a264 sp=0x000000001e93e4a0
Event: 17.303 Thread 0x000000001f078800 DEOPT UNPACKING pc=0x0000000002e555af sp=0x000000001e93e448 mode 2
Event: 17.304 Executing VM operation: ParallelGCFailedAllocation


Dynamic libraries:
0x000000013f9f0000 - 0x000000013fa24000 	C:\Program Files\Java\jdk1.8.0_11\bin\java.exe
0x0000000077050000 - 0x00000000771fa000 	C:\Windows\SYSTEM32\ntdll.dll
0x0000000076f30000 - 0x000000007704f000 	C:\Windows\system32\kernel32.dll
0x000007fefcdc0000 - 0x000007fefce2a000 	C:\Windows\system32\KERNELBASE.dll
0x000007fefa210000 - 0x000007fefa294000 	C:\Windows\system32\tmumh\20019\AddOn\6.80.0.1007\TmUmEvt64.dll
0x0000000077220000 - 0x0000000077227000 	C:\Windows\system32\PSAPI.DLL
0x000007fefe930000 - 0x000007fefe9a1000 	C:\Windows\system32\SHLWAPI.dll
0x000007feff280000 - 0x000007feff2e7000 	C:\Windows\system32\GDI32.dll
0x0000000076e30000 - 0x0000000076f2a000 	C:\Windows\system32\USER32.dll
0x000007fefdf60000 - 0x000007fefdf6e000 	C:\Windows\system32\LPK.dll
0x000007fefe9b0000 - 0x000007fefea7a000 	C:\Windows\system32\USP10.dll
0x000007fefe390000 - 0x000007fefe42f000 	C:\Windows\system32\msvcrt.dll
0x000007fefe1e0000 - 0x000007fefe2bb000 	C:\Windows\system32\ADVAPI32.dll
0x000007fefe510000 - 0x000007fefe52f000 	C:\Windows\SYSTEM32\sechost.dll
0x000007fefe800000 - 0x000007fefe92d000 	C:\Windows\system32\RPCRT4.dll
0x00000000749d0000 - 0x0000000074aee000 	C:\Windows\system32\tmumh\20019\TmMon\1.6.0.1163\tmmon64.dll
0x000007fefe2c0000 - 0x000007fefe2ee000 	C:\Windows\system32\IMM32.DLL
0x000007feff0d0000 - 0x000007feff1d9000 	C:\Windows\system32\MSCTF.dll
0x000007fefb780000 - 0x000007fefb974000 	C:\Windows\WinSxS\amd64_microsoft.windows.common-controls_6595b64144ccf1df_6.0.7601.18837_none_fa3b1e3d17594757\COMCTL32.dll
0x00000000555b0000 - 0x0000000055682000 	C:\Program Files\Java\jdk1.8.0_11\jre\bin\msvcr100.dll
0x0000000053de0000 - 0x000000005460a000 	C:\Program Files\Java\jdk1.8.0_11\jre\bin\server\jvm.dll
0x000007fef7c80000 - 0x000007fef7c89000 	C:\Windows\system32\WSOCK32.dll
0x000007feff2f0000 - 0x000007feff33d000 	C:\Windows\system32\WS2_32.dll
0x000007fefd1c0000 - 0x000007fefd1c8000 	C:\Windows\system32\NSI.dll
0x000007fefa830000 - 0x000007fefa86b000 	C:\Windows\system32\WINMM.dll
0x000000005ec20000 - 0x000000005ec2f000 	C:\Program Files\Java\jdk1.8.0_11\jre\bin\verify.dll
0x000000005eae0000 - 0x000000005eb08000 	C:\Program Files\Java\jdk1.8.0_11\jre\bin\java.dll
0x000000005eac0000 - 0x000000005ead6000 	C:\Program Files\Java\jdk1.8.0_11\jre\bin\zip.dll
0x000007fefd1d0000 - 0x000007fefdf5a000 	C:\Windows\system32\SHELL32.dll
0x000000001d880000 - 0x000000001da83000 	C:\Windows\system32\ole32.dll
0x000007fefcd90000 - 0x000007fefcd9f000 	C:\Windows\system32\profapi.dll
0x000007fef6490000 - 0x000007fef65b5000 	C:\Windows\system32\dbghelp.dll

VM Arguments:
jvm_args: -Djava.awt.headless=true -Xmx4g -Dfile.encoding=x-windows-950 -Duser.country=TW -Duser.language=zh -Duser.variant 
java_command: com.android.dx.command.Main --dex --num-threads=4 --multi-dex --main-dex-list D:\Android Studio\AndroidStudioProjects\Gmap\app\build\intermediates\multi-dex\debug\maindexlist.txt --output D:\Android Studio\AndroidStudioProjects\Gmap\app\build\intermediates\transforms\dex\debug\folders\1000\1f\main D:\Android Studio\AndroidStudioProjects\Gmap\app\build\intermediates\transforms\jarMerging\debug\jars\1\1f\combined.jar
java_class_path (initial): D:\adt-bundle-windows-x86_64-20140702\sdk\build-tools\24.0.0\lib\dx.jar
Launcher Type: SUN_STANDARD

Environment Variables:
PATH=C:\ProgramData\Oracle\Java\javapath;C:\Program Files (x86)\Intel\iCLS Client\;C:\Program Files\Intel\iCLS Client\;C:\Program Files\Common Files\Microsoft Shared\Windows Live;C:\Program Files (x86)\Common Files\Microsoft Shared\Windows Live;C:\Windows\system32;C:\Windows;C:\Windows\System32\Wbem;C:\Windows\System32\WindowsPowerShell\v1.0\;C:\Program Files (x86)\Windows Live\Shared;C:\Program Files (x86)\Intel\OpenCL SDK\2.0\bin\x86;C:\Program Files (x86)\Intel\OpenCL SDK\2.0\bin\x64;C:\Program Files\Intel\Intel(R) Management Engine Components\DAL;C:\Program Files\Intel\Intel(R) Management Engine Components\IPT;C:\Program Files (x86)\Intel\Intel(R) Management Engine Components\DAL;C:\Program Files (x86)\Intel\Intel(R) Management Engine Components\IPT;C:\Program Files\Intel\WiFi\bin\;C:\Program Files\Common Files\Intel\WirelessCommon\;C:\Program Files (x86)\Git\cmd;C:\Program Files (x86)\Skype\Phone\
USERNAME=03070048
OS=Windows_NT
PROCESSOR_IDENTIFIER=Intel64 Family 6 Model 58 Stepping 9, GenuineIntel



---------------  S Y S T E M  ---------------

OS: Windows 7 , 64 bit Build 7601 Service Pack 1

CPU:total 4 (2 cores per cpu, 2 threads per core) family 6 model 58 stepping 9, cmov, cx8, fxsr, mmx, sse, sse2, sse3, ssse3, sse4.1, sse4.2, popcnt, avx, aes, clmul, erms, ht, tsc, tscinvbit

Memory: 4k page, physical 12456536k(5833268k free), swap 24911212k(17421636k free)

vm_info: Java HotSpot(TM) 64-Bit Server VM (25.11-b03) for windows-amd64 JRE (1.8.0_11-b12), built on Jun 16 2014 20:57:32 by "java_re" with MS VC++ 10.0 (VS2010)

time: Tue Dec 13 12:06:27 2016
elapsed time: 17 seconds

