#
# A fatal error has been detected by the Java Runtime Environment:
#
#  EXCEPTION_ACCESS_VIOLATION (0xc0000005) at pc=0x0000000053f06c58, pid=9712, tid=9524
#
# JRE version: Java(TM) SE Runtime Environment (8.0_11-b12) (build 1.8.0_11-b12)
# Java VM: Java HotSpot(TM) 64-Bit Server VM (25.11-b03 mixed mode windows-amd64 compressed oops)
# Problematic frame:
# V  [jvm.dll+0x126c58]
#
# Failed to write core dump. Minidumps are not enabled by default on client versions of Windows
#
# If you would like to submit a bug report, please visit:
#   http://bugreport.sun.com/bugreport/crash.jsp
#

---------------  T H R E A D  ---------------

Current thread (0x000000000240e800):  GCTaskThread [stack: 0x0000000012ea0000,0x0000000012fa0000] [id=9524]

siginfo: ExceptionCode=0xc0000005, reading address 0xffffffffffffffff

Registers:
RAX=0x00000000131e0000, RBX=0x0000000000000048, RCX=0x0000000000000000, RDX=0x0000000000000004
RSP=0x0000000012f9f740, RBP=0x000000001c2e2cd0, RSI=0x00000006c6ee02bc, RDI=0x0000000000000020
R8 =0x007ffffffca00000, R9 =0x0000000000000000, R10=0x000000000000000c, R11=0x0000000000000000
R12=0x00000006c6ee02c4, R13=0x0000000000000005, R14=0x00000006c6ee02a0, R15=0x0000000000000005
RIP=0x0000000053f06c58, EFLAGS=0x0000000000010202

Top of Stack: (sp=0x0000000012f9f740)
0x0000000012f9f740:   00000006c6ee02a0 0000000053ee1306
0x0000000012f9f750:   00000006c6ee02a0 00000006c6ee029c
0x0000000012f9f760:   000000001c2e2cd0 0000000053f06d73
0x0000000012f9f770:   0000000000000000 00000000000083b0
0x0000000012f9f780:   000000001e9a4178 000000001c2554a0
0x0000000012f9f790:   0000000000000048 00000000541a7d80
0x0000000012f9f7a0:   000000001c2e2cd0 000000000240c980
0x0000000012f9f7b0:   000000001e99c370 000000001e99c370
0x0000000012f9f7c0:   0000000000000000 03030000fffffcff
0x0000000012f9f7d0:   0303030303030303 0000030303030303
0x0000000012f9f7e0:   0000000000000000 000000001eace800
0x0000000012f9f7f0:   000000000240e801 0000000000000001
0x0000000012f9f800:   000054fab1cb909a 000000001e9a4178
0x0000000012f9f810:   000000000240ee60 00000000000083b0
0x0000000012f9f820:   000000001e99c370 000000000240c980
0x0000000012f9f830:   000000001e99c190 000000001c2554a0 

Instructions: (pc=0x0000000053f06c58)
0x0000000053f06c38:   05 73 a6 68 00 49 c1 e8 03 49 d3 e8 41 0f b6 c0
0x0000000053f06c48:   49 c1 e8 06 24 3f 0f b6 d0 48 8b 05 88 a6 68 00
0x0000000053f06c58:   4a 8b 0c c0 48 0f a3 d1 72 3e 48 8b cf e8 b6 22
0x0000000053f06c68:   fd ff 84 c0 74 32 48 8b d7 48 8b cd e8 27 f0 fc 


Register to memory mapping:

RAX=0x00000000131e0000 is an unknown value
RBX=0x0000000000000048 is an unknown value
RCX=0x0000000000000000 is an unknown value
RDX=0x0000000000000004 is an unknown value
RSP=0x0000000012f9f740 is an unknown value
RBP=0x000000001c2e2cd0 is an unknown value
RSI=0x00000006c6ee02bc is pointing into object: 0x00000006c6ee02a0
[Lcom.android.dx.rop.code.RegisterSpec; 
 - klass: 'com/android/dx/rop/code/RegisterSpec'[]
 - length: 5
RDI=0x0000000000000020 is an unknown value
R8 =0x007ffffffca00000 is an unknown value
R9 =0x0000000000000000 is an unknown value
R10=0x000000000000000c is an unknown value
R11=0x0000000000000000 is an unknown value
R12=0x00000006c6ee02c4 is pointing into object: 0x00000006c6ee02a0
[Lcom.android.dx.rop.code.RegisterSpec; 
 - klass: 'com/android/dx/rop/code/RegisterSpec'[]
 - length: 5
R13=0x0000000000000005 is an unknown value
R14=0x00000006c6ee02a0 is an oop
[Lcom.android.dx.rop.code.RegisterSpec; 
 - klass: 'com/android/dx/rop/code/RegisterSpec'[]
 - length: 5
R15=0x0000000000000005 is an unknown value


Stack: [0x0000000012ea0000,0x0000000012fa0000],  sp=0x0000000012f9f740,  free space=1021k
Native frames: (J=compiled Java code, j=interpreted, Vv=VM code, C=native code)
V  [jvm.dll+0x126c58]
V  [jvm.dll+0x3c7d80]
V  [jvm.dll+0x3c4c2c]
V  [jvm.dll+0x3c299e]
V  [jvm.dll+0x27bcca]
C  [msvcr100.dll+0x21d9f]
C  [msvcr100.dll+0x21e3b]
C  [kernel32.dll+0x159cd]
C  [ntdll.dll+0x2a561]


---------------  P R O C E S S  ---------------

Java Threads: ( => current thread )
  0x000000001eace800 JavaThread "pool-2-thread-4" [_thread_blocked, id=9808, stack(0x0000000020610000,0x0000000020710000)]
  0x000000001eacc800 JavaThread "pool-2-thread-3" [_thread_blocked, id=9936, stack(0x0000000020390000,0x0000000020490000)]
  0x000000001ed53000 JavaThread "pool-2-thread-2" [_thread_blocked, id=9188, stack(0x00000000204b0000,0x00000000205b0000)]
  0x000000001ea2f000 JavaThread "pool-3-thread-1" [_thread_blocked, id=7012, stack(0x0000000020290000,0x0000000020390000)]
  0x000000001ea42800 JavaThread "pool-2-thread-1" [_thread_blocked, id=7748, stack(0x0000000020010000,0x0000000020110000)]
  0x000000001dc28800 JavaThread "Service Thread" daemon [_thread_blocked, id=9036, stack(0x000000001e5a0000,0x000000001e6a0000)]
  0x000000001dbaa000 JavaThread "C1 CompilerThread2" daemon [_thread_blocked, id=5640, stack(0x000000001e350000,0x000000001e450000)]
  0x000000001dba4000 JavaThread "C2 CompilerThread1" daemon [_thread_blocked, id=8692, stack(0x000000001e450000,0x000000001e550000)]
  0x000000001c3df000 JavaThread "C2 CompilerThread0" daemon [_thread_blocked, id=6492, stack(0x000000001e250000,0x000000001e350000)]
  0x000000001db7b800 JavaThread "Attach Listener" daemon [_thread_blocked, id=8576, stack(0x000000001d6d0000,0x000000001d7d0000)]
  0x000000001db89000 JavaThread "Signal Dispatcher" daemon [_thread_blocked, id=9268, stack(0x000000001e070000,0x000000001e170000)]
  0x000000001c374800 JavaThread "Finalizer" daemon [_thread_blocked, id=7016, stack(0x000000001d860000,0x000000001d960000)]
  0x000000001c369800 JavaThread "Reference Handler" daemon [_thread_blocked, id=9888, stack(0x000000001d590000,0x000000001d690000)]
  0x000000000028e000 JavaThread "main" [_thread_blocked, id=9120, stack(0x0000000002af0000,0x0000000002bf0000)]

Other Threads:
  0x000000001c366000 VMThread [stack: 0x000000001d430000,0x000000001d530000] [id=10068]
  0x000000001dc34000 WatcherThread [stack: 0x000000001e6e0000,0x000000001e7e0000] [id=9764]

=>0x000000000240e800 (exited) GCTaskThread [stack: 0x0000000012ea0000,0x0000000012fa0000] [id=9524]

VM state:at safepoint (normal execution)

VM Mutex/Monitor currently owned by a thread:  ([mutex/lock_event])
[0x000000000028c680] Threads_lock - owner thread: 0x000000001c366000
[0x000000000028cb80] Heap_lock - owner thread: 0x000000001ed53000

Heap:
 PSYoungGen      total 255488K, used 15188K [0x000000076ab00000, 0x000000077c680000, 0x00000007c0000000)
  eden space 223744K, 0% used [0x000000076ab00000,0x000000076ab00000,0x0000000778580000)
  from space 31744K, 47% used [0x000000077a780000,0x000000077b6550a0,0x000000077c680000)
  to   space 33280K, 0% used [0x0000000778580000,0x0000000778580000,0x000000077a600000)
 ParOldGen       total 195072K, used 165706K [0x00000006c0000000, 0x00000006cbe80000, 0x000000076ab00000)
  object space 195072K, 84% used [0x00000006c0000000,0x00000006ca1d28f8,0x00000006cbe80000)
 Metaspace       used 6273K, capacity 7128K, committed 7424K, reserved 1056768K
  class space    used 620K, capacity 656K, committed 768K, reserved 1048576K

Card table byte_map: [0x0000000011fb0000,0x00000000127c0000] byte_map_base: 0x000000000e9b0000

Marking Bits: (ParMarkBitMap*) 0x00000000545912b0
 Begin Bits: [0x00000000131e0000, 0x00000000171e0000)
 End Bits:   [0x00000000171e0000, 0x000000001b1e0000)

Polling page: 0x0000000000240000

CodeCache: size=245760Kb used=9628Kb max_used=11197Kb free=236131Kb
 bounds [0x0000000002bf0000, 0x0000000003700000, 0x0000000011bf0000]
 total_blobs=2494 nmethods=2226 adapters=181
 compilation: enabled

Compilation events (10 events):
Event: 15.315 Thread 0x000000001dbaa000 2806 %     2       com.android.dx.ssa.LocalVariableExtractor::processBlock @ 322 (383 bytes)
Event: 15.320 Thread 0x000000001dba4000 nmethod 2784 0x0000000002ff3d50 code [0x0000000002ff4280, 0x0000000002ff7300]
Event: 15.321 Thread 0x000000001dbaa000 nmethod 2806% 0x000000000331c590 code [0x000000000331c8c0, 0x000000000331dac8]
Event: 15.321 Thread 0x000000001dbaa000 2807       3       com.android.dx.ssa.LocalVariableInfo::mutableCopyOfStarts (29 bytes)
Event: 15.322 Thread 0x000000001dbaa000 nmethod 2807 0x0000000002eafd50 code [0x0000000002eaff00, 0x0000000002eb0518]
Event: 15.322 Thread 0x000000001dba4000 2793       4       com.android.dx.ssa.back.FirstFitLocalCombiningAllocator::handleLocalAssociatedOther (151 bytes)
Event: 15.334 Thread 0x000000001c3df000 nmethod 2777 0x0000000003489e50 code [0x000000000348b740, 0x0000000003492448]
Event: 15.334 Thread 0x000000001c3df000 2788       4       com.android.dx.cf.code.Simulator$SimVisitor::visitNoArgs (2136 bytes)
Event: 15.408 Thread 0x000000001dba4000 nmethod 2793 0x00000000030aba90 code [0x00000000030abcc0, 0x00000000030ad128]
Event: 15.408 Thread 0x000000001dba4000 2810       4       com.android.dx.dex.cf.CfTranslator::translate0 (259 bytes)

GC Heap History (10 events):
Event: 10.145 GC heap after
Heap after GC invocations=30 (full 0):
 PSYoungGen      total 157184K, used 15892K [0x000000076ab00000, 0x0000000775d80000, 0x00000007c0000000)
  eden space 137728K, 0% used [0x000000076ab00000,0x000000076ab00000,0x0000000773180000)
  from space 19456K, 81% used [0x0000000774680000,0x0000000775605240,0x0000000775980000)
  to   space 21504K, 0% used [0x0000000773180000,0x0000000773180000,0x0000000774680000)
 ParOldGen       total 195072K, used 86900K [0x00000006c0000000, 0x00000006cbe80000, 0x000000076ab00000)
  object space 195072K, 44% used [0x00000006c0000000,0x00000006c54dd208,0x00000006cbe80000)
 Metaspace       used 6243K, capacity 7064K, committed 7424K, reserved 1056768K
  class space    used 619K, capacity 656K, committed 768K, reserved 1048576K
}
Event: 10.909 GC heap before
{Heap before GC invocations=31 (full 0):
 PSYoungGen      total 157184K, used 153620K [0x000000076ab00000, 0x0000000775d80000, 0x00000007c0000000)
  eden space 137728K, 100% used [0x000000076ab00000,0x0000000773180000,0x0000000773180000)
  from space 19456K, 81% used [0x0000000774680000,0x0000000775605240,0x0000000775980000)
  to   space 21504K, 0% used [0x0000000773180000,0x0000000773180000,0x0000000774680000)
 ParOldGen       total 195072K, used 86900K [0x00000006c0000000, 0x00000006cbe80000, 0x000000076ab00000)
  object space 195072K, 44% used [0x00000006c0000000,0x00000006c54dd208,0x00000006cbe80000)
 Metaspace       used 6253K, capacity 7064K, committed 7424K, reserved 1056768K
  class space    used 619K, capacity 656K, committed 768K, reserved 1048576K
Event: 11.071 GC heap after
Heap after GC invocations=31 (full 0):
 PSYoungGen      total 159232K, used 21504K [0x000000076ab00000, 0x0000000779800000, 0x00000007c0000000)
  eden space 137728K, 0% used [0x000000076ab00000,0x000000076ab00000,0x0000000773180000)
  from space 21504K, 100% used [0x0000000773180000,0x0000000774680000,0x0000000774680000)
  to   space 31744K, 0% used [0x0000000777900000,0x0000000777900000,0x0000000779800000)
 ParOldGen       total 195072K, used 103926K [0x00000006c0000000, 0x00000006cbe80000, 0x000000076ab00000)
  object space 195072K, 53% used [0x00000006c0000000,0x00000006c657dbf0,0x00000006cbe80000)
 Metaspace       used 6253K, capacity 7064K, committed 7424K, reserved 1056768K
  class space    used 619K, capacity 656K, committed 768K, reserved 1048576K
}
Event: 11.876 GC heap before
{Heap before GC invocations=32 (full 0):
 PSYoungGen      total 159232K, used 159232K [0x000000076ab00000, 0x0000000779800000, 0x00000007c0000000)
  eden space 137728K, 100% used [0x000000076ab00000,0x0000000773180000,0x0000000773180000)
  from space 21504K, 100% used [0x0000000773180000,0x0000000774680000,0x0000000774680000)
  to   space 31744K, 0% used [0x0000000777900000,0x0000000777900000,0x0000000779800000)
 ParOldGen       total 195072K, used 103926K [0x00000006c0000000, 0x00000006cbe80000, 0x000000076ab00000)
  object space 195072K, 53% used [0x00000006c0000000,0x00000006c657dbf0,0x00000006cbe80000)
 Metaspace       used 6257K, capacity 7128K, committed 7424K, reserved 1056768K
  class space    used 619K, capacity 656K, committed 768K, reserved 1048576K
Event: 11.955 GC heap after
Heap after GC invocations=32 (full 0):
 PSYoungGen      total 210432K, used 17841K [0x000000076ab00000, 0x0000000779900000, 0x00000007c0000000)
  eden space 178688K, 0% used [0x000000076ab00000,0x000000076ab00000,0x0000000775980000)
  from space 31744K, 56% used [0x0000000777900000,0x0000000778a6c440,0x0000000779800000)
  to   space 32256K, 0% used [0x0000000775980000,0x0000000775980000,0x0000000777900000)
 ParOldGen       total 195072K, used 125308K [0x00000006c0000000, 0x00000006cbe80000, 0x000000076ab00000)
  object space 195072K, 64% used [0x00000006c0000000,0x00000006c7a5f1a8,0x00000006cbe80000)
 Metaspace       used 6257K, capacity 7128K, committed 7424K, reserved 1056768K
  class space    used 619K, capacity 656K, committed 768K, reserved 1048576K
}
Event: 14.312 GC heap before
{Heap before GC invocations=33 (full 0):
 PSYoungGen      total 210432K, used 196529K [0x000000076ab00000, 0x0000000779900000, 0x00000007c0000000)
  eden space 178688K, 100% used [0x000000076ab00000,0x0000000775980000,0x0000000775980000)
  from space 31744K, 56% used [0x0000000777900000,0x0000000778a6c440,0x0000000779800000)
  to   space 32256K, 0% used [0x0000000775980000,0x0000000775980000,0x0000000777900000)
 ParOldGen       total 195072K, used 125308K [0x00000006c0000000, 0x00000006cbe80000, 0x000000076ab00000)
  object space 195072K, 64% used [0x00000006c0000000,0x00000006c7a5f1a8,0x00000006cbe80000)
 Metaspace       used 6268K, capacity 7128K, committed 7424K, reserved 1056768K
  class space    used 620K, capacity 656K, committed 768K, reserved 1048576K
Event: 14.425 GC heap after
Heap after GC invocations=33 (full 0):
 PSYoungGen      total 210944K, used 23853K [0x000000076ab00000, 0x000000077c980000, 0x00000007c0000000)
  eden space 178688K, 0% used [0x000000076ab00000,0x000000076ab00000,0x0000000775980000)
  from space 32256K, 73% used [0x0000000775980000,0x00000007770cb558,0x0000000777900000)
  to   space 34816K, 0% used [0x000000077a780000,0x000000077a780000,0x000000077c980000)
 ParOldGen       total 195072K, used 142557K [0x00000006c0000000, 0x00000006cbe80000, 0x000000076ab00000)
  object space 195072K, 73% used [0x00000006c0000000,0x00000006c8b377e0,0x00000006cbe80000)
 Metaspace       used 6268K, capacity 7128K, committed 7424K, reserved 1056768K
  class space    used 620K, capacity 656K, committed 768K, reserved 1048576K
}
Event: 15.516 GC heap before
{Heap before GC invocations=34 (full 0):
 PSYoungGen      total 210944K, used 202541K [0x000000076ab00000, 0x000000077c980000, 0x00000007c0000000)
  eden space 178688K, 100% used [0x000000076ab00000,0x0000000775980000,0x0000000775980000)
  from space 32256K, 73% used [0x0000000775980000,0x00000007770cb558,0x0000000777900000)
  to   space 34816K, 0% used [0x000000077a780000,0x000000077a780000,0x000000077c980000)
 ParOldGen       total 195072K, used 142557K [0x00000006c0000000, 0x00000006cbe80000, 0x000000076ab00000)
  object space 195072K, 73% used [0x00000006c0000000,0x00000006c8b377e0,0x00000006cbe80000)
 Metaspace       used 6273K, capacity 7128K, committed 7424K, reserved 1056768K
  class space    used 620K, capacity 656K, committed 768K, reserved 1048576K
Event: 15.729 GC heap after
Heap after GC invocations=34 (full 0):
 PSYoungGen      total 255488K, used 15188K [0x000000076ab00000, 0x000000077c680000, 0x00000007c0000000)
  eden space 223744K, 0% used [0x000000076ab00000,0x000000076ab00000,0x0000000778580000)
  from space 31744K, 47% used [0x000000077a780000,0x000000077b6550a0,0x000000077c680000)
  to   space 33280K, 0% used [0x0000000778580000,0x0000000778580000,0x000000077a600000)
 ParOldGen       total 195072K, used 165706K [0x00000006c0000000, 0x00000006cbe80000, 0x000000076ab00000)
  object space 195072K, 84% used [0x00000006c0000000,0x00000006ca1d28f8,0x00000006cbe80000)
 Metaspace       used 6273K, capacity 7128K, committed 7424K, reserved 1056768K
  class space    used 620K, capacity 656K, committed 768K, reserved 1048576K
}
Event: 15.729 GC heap before
{Heap before GC invocations=35 (full 1):
 PSYoungGen      total 255488K, used 15188K [0x000000076ab00000, 0x000000077c680000, 0x00000007c0000000)
  eden space 223744K, 0% used [0x000000076ab00000,0x000000076ab00000,0x0000000778580000)
  from space 31744K, 47% used [0x000000077a780000,0x000000077b6550a0,0x000000077c680000)
  to   space 33280K, 0% used [0x0000000778580000,0x0000000778580000,0x000000077a600000)
 ParOldGen       total 195072K, used 165706K [0x00000006c0000000, 0x00000006cbe80000, 0x000000076ab00000)
  object space 195072K, 84% used [0x00000006c0000000,0x00000006ca1d28f8,0x00000006cbe80000)
 Metaspace       used 6273K, capacity 7128K, committed 7424K, reserved 1056768K
  class space    used 620K, capacity 656K, committed 768K, reserved 1048576K

Deoptimization events (10 events):
Event: 13.105 Thread 0x000000001eacc800 Uncommon trap: reason=bimorphic action=maybe_recompile pc=0x00000000035a1ce8 method=com.android.dx.cf.code.BytecodeArray.parseInstruction(ILcom/android/dx/cf/code/BytecodeArray$Visitor;)I @ 2554
Event: 13.105 Thread 0x000000001eacc800 Uncommon trap: reason=bimorphic action=maybe_recompile pc=0x00000000035a1ce8 method=com.android.dx.cf.code.BytecodeArray.parseInstruction(ILcom/android/dx/cf/code/BytecodeArray$Visitor;)I @ 2554
Event: 13.842 Thread 0x000000001ed53000 Uncommon trap: reason=unreached action=reinterpret pc=0x0000000003662994 method=java.util.HashMap.resize()[Ljava/util/HashMap$Node; @ 206
Event: 14.217 Thread 0x000000000028e000 Uncommon trap: reason=unreached action=reinterpret pc=0x0000000002d9e734 method=java.util.zip.ZipCoder.decoder()Ljava/nio/charset/CharsetDecoder; @ 4
Event: 14.982 Thread 0x000000000028e000 Uncommon trap: reason=bimorphic action=maybe_recompile pc=0x00000000036b3ad0 method=com.android.dx.cf.code.BytecodeArray.parseInstruction(ILcom/android/dx/cf/code/BytecodeArray$Visitor;)I @ 1417
Event: 14.984 Thread 0x000000000028e000 Uncommon trap: reason=bimorphic action=maybe_recompile pc=0x00000000036b3ad0 method=com.android.dx.cf.code.BytecodeArray.parseInstruction(ILcom/android/dx/cf/code/BytecodeArray$Visitor;)I @ 1417
Event: 15.289 Thread 0x000000001ed53000 Uncommon trap: reason=class_check action=maybe_recompile pc=0x000000000366cc38 method=com.android.dx.rop.code.RegisterSpec.withSimpleType()Lcom/android/dx/rop/code/RegisterSpec; @ 21
Event: 15.313 Thread 0x000000001ed53000 Uncommon trap: reason=class_check action=maybe_recompile pc=0x000000000366cc38 method=com.android.dx.rop.code.RegisterSpec.withSimpleType()Lcom/android/dx/rop/code/RegisterSpec; @ 21
Event: 15.315 Thread 0x000000001ea42800 Uncommon trap: reason=class_check action=maybe_recompile pc=0x000000000366cc38 method=com.android.dx.rop.code.RegisterSpec.withSimpleType()Lcom/android/dx/rop/code/RegisterSpec; @ 21
Event: 15.315 Thread 0x000000001ea42800 Uncommon trap: reason=class_check action=maybe_recompile pc=0x000000000366cc38 method=com.android.dx.rop.code.RegisterSpec.withSimpleType()Lcom/android/dx/rop/code/RegisterSpec; @ 21

Internal exceptions (10 events):
Event: 2.988 Thread 0x000000000028e000 Exception <a 'java/security/PrivilegedActionException'> (0x000000076b52b3f8) thrown at [C:\re\workspace\8-2-build-windows-amd64-cygwin\jdk8u11\648\hotspot\src\share\vm\prims\jvm.cpp, line 1248]
Event: 3.859 Thread 0x000000001ed53000 Exception <a 'java/lang/ArrayIndexOutOfBoundsException': 18> (0x000000076d5f4448) thrown at [C:\re\workspace\8-2-build-windows-amd64-cygwin\jdk8u11\648\hotspot\src\share\vm\interpreter\interpreterRuntime.cpp, line 337]
Event: 3.860 Thread 0x000000001ed53000 Exception <a 'java/lang/ArrayIndexOutOfBoundsException': 145> (0x000000076d5f5ee0) thrown at [C:\re\workspace\8-2-build-windows-amd64-cygwin\jdk8u11\648\hotspot\src\share\vm\interpreter\interpreterRuntime.cpp, line 337]
Event: 3.861 Thread 0x000000001ed53000 Exception <a 'java/lang/ArrayIndexOutOfBoundsException': 40> (0x000000076d5f70f8) thrown at [C:\re\workspace\8-2-build-windows-amd64-cygwin\jdk8u11\648\hotspot\src\share\vm\interpreter\interpreterRuntime.cpp, line 337]
Event: 4.070 Thread 0x000000000028e000 Exception <a 'java/security/PrivilegedActionException'> (0x000000076b2644d8) thrown at [C:\re\workspace\8-2-build-windows-amd64-cygwin\jdk8u11\648\hotspot\src\share\vm\prims\jvm.cpp, line 1248]
Event: 7.989 Thread 0x000000001ea42800 Exception <a 'java/security/PrivilegedActionException'> (0x000000076b71b3e0) thrown at [C:\re\workspace\8-2-build-windows-amd64-cygwin\jdk8u11\648\hotspot\src\share\vm\prims\jvm.cpp, line 1248]
Event: 8.594 Thread 0x000000001ed53000 Implicit null exception at 0x00000000034d30d8 to 0x00000000034d8095
Event: 13.073 Thread 0x000000000028e000 Exception <a 'java/security/PrivilegedActionException'> (0x000000076c341880) thrown at [C:\re\workspace\8-2-build-windows-amd64-cygwin\jdk8u11\648\hotspot\src\share\vm\prims\jvm.cpp, line 1248]
Event: 14.212 Thread 0x000000000028e000 Exception <a 'java/security/PrivilegedActionException'> (0x00000007725598f8) thrown at [C:\re\workspace\8-2-build-windows-amd64-cygwin\jdk8u11\648\hotspot\src\share\vm\prims\jvm.cpp, line 1248]
Event: 14.217 Thread 0x000000000028e000 Implicit null exception at 0x0000000002d9d237 to 0x0000000002d9e6f9

Events (10 events):
Event: 15.313 Thread 0x000000001ed53000 DEOPT UNPACKING pc=0x0000000002c355af sp=0x00000000205aec78 mode 2
Event: 15.315 Thread 0x000000001ea42800 Uncommon trap: trap_request=0xffffffde fr.pc=0x000000000366cc38
Event: 15.315 Thread 0x000000001ea42800 DEOPT PACKING pc=0x000000000366cc38 sp=0x000000002010ec90
Event: 15.315 Thread 0x000000001ea42800 DEOPT UNPACKING pc=0x0000000002c355af sp=0x000000002010ebd8 mode 2
Event: 15.315 Thread 0x000000001ea42800 Uncommon trap: trap_request=0xffffffde fr.pc=0x000000000366cc38
Event: 15.315 Thread 0x000000001ea42800 DEOPT PACKING pc=0x000000000366cc38 sp=0x000000002010ec90
Event: 15.315 Thread 0x000000001ea42800 DEOPT UNPACKING pc=0x0000000002c355af sp=0x000000002010ebd8 mode 2
Event: 15.354 Thread 0x000000001ed53000 DEOPT PACKING pc=0x000000000335f2ac sp=0x00000000205af190
Event: 15.354 Thread 0x000000001ed53000 DEOPT UNPACKING pc=0x0000000002c37604 sp=0x00000000205aef70 mode 0
Event: 15.475 Executing VM operation: ParallelGCFailedAllocation


Dynamic libraries:
0x000000013f9f0000 - 0x000000013fa24000 	C:\Program Files\Java\jdk1.8.0_11\bin\java.exe
0x0000000077050000 - 0x00000000771fa000 	C:\Windows\SYSTEM32\ntdll.dll
0x0000000076f30000 - 0x000000007704f000 	C:\Windows\system32\kernel32.dll
0x000007fefcdc0000 - 0x000007fefce2a000 	C:\Windows\system32\KERNELBASE.dll
0x000007fefa210000 - 0x000007fefa294000 	C:\Windows\system32\tmumh\20019\AddOn\6.80.0.1007\TmUmEvt64.dll
0x0000000077220000 - 0x0000000077227000 	C:\Windows\system32\PSAPI.DLL
0x000007fefe930000 - 0x000007fefe9a1000 	C:\Windows\system32\SHLWAPI.dll
0x000007feff280000 - 0x000007feff2e7000 	C:\Windows\system32\GDI32.dll
0x0000000076e30000 - 0x0000000076f2a000 	C:\Windows\system32\USER32.dll
0x000007fefdf60000 - 0x000007fefdf6e000 	C:\Windows\system32\LPK.dll
0x000007fefe9b0000 - 0x000007fefea7a000 	C:\Windows\system32\USP10.dll
0x000007fefe390000 - 0x000007fefe42f000 	C:\Windows\system32\msvcrt.dll
0x000007fefe1e0000 - 0x000007fefe2bb000 	C:\Windows\system32\ADVAPI32.dll
0x000007fefe510000 - 0x000007fefe52f000 	C:\Windows\SYSTEM32\sechost.dll
0x000007fefe800000 - 0x000007fefe92d000 	C:\Windows\system32\RPCRT4.dll
0x00000000749d0000 - 0x0000000074aee000 	C:\Windows\system32\tmumh\20019\TmMon\1.6.0.1163\tmmon64.dll
0x000007fefe2c0000 - 0x000007fefe2ee000 	C:\Windows\system32\IMM32.DLL
0x000007feff0d0000 - 0x000007feff1d9000 	C:\Windows\system32\MSCTF.dll
0x000007fefb780000 - 0x000007fefb974000 	C:\Windows\WinSxS\amd64_microsoft.windows.common-controls_6595b64144ccf1df_6.0.7601.18837_none_fa3b1e3d17594757\COMCTL32.dll
0x00000000555b0000 - 0x0000000055682000 	C:\Program Files\Java\jdk1.8.0_11\jre\bin\msvcr100.dll
0x0000000053de0000 - 0x000000005460a000 	C:\Program Files\Java\jdk1.8.0_11\jre\bin\server\jvm.dll
0x000007fef7c80000 - 0x000007fef7c89000 	C:\Windows\system32\WSOCK32.dll
0x000007feff2f0000 - 0x000007feff33d000 	C:\Windows\system32\WS2_32.dll
0x000007fefd1c0000 - 0x000007fefd1c8000 	C:\Windows\system32\NSI.dll
0x000007fefa830000 - 0x000007fefa86b000 	C:\Windows\system32\WINMM.dll
0x000000005ec20000 - 0x000000005ec2f000 	C:\Program Files\Java\jdk1.8.0_11\jre\bin\verify.dll
0x000000005eae0000 - 0x000000005eb08000 	C:\Program Files\Java\jdk1.8.0_11\jre\bin\java.dll
0x000000005eac0000 - 0x000000005ead6000 	C:\Program Files\Java\jdk1.8.0_11\jre\bin\zip.dll
0x000007fefd1d0000 - 0x000007fefdf5a000 	C:\Windows\system32\SHELL32.dll
0x000000001d960000 - 0x000000001db63000 	C:\Windows\system32\ole32.dll
0x000007fefcd90000 - 0x000007fefcd9f000 	C:\Windows\system32\profapi.dll
0x000007fef6490000 - 0x000007fef65b5000 	C:\Windows\system32\dbghelp.dll

VM Arguments:
jvm_args: -Djava.awt.headless=true -Xmx4g -Dfile.encoding=x-windows-950 -Duser.country=TW -Duser.language=zh -Duser.variant 
java_command: com.android.dx.command.Main --dex --num-threads=4 --multi-dex --main-dex-list D:\Android Studio\AndroidStudioProjects\Gmap\app\build\intermediates\multi-dex\debug\maindexlist.txt --output D:\Android Studio\AndroidStudioProjects\Gmap\app\build\intermediates\transforms\dex\debug\folders\1000\1f\main D:\Android Studio\AndroidStudioProjects\Gmap\app\build\intermediates\transforms\jarMerging\debug\jars\1\1f\combined.jar
java_class_path (initial): D:\adt-bundle-windows-x86_64-20140702\sdk\build-tools\24.0.0\lib\dx.jar
Launcher Type: SUN_STANDARD

Environment Variables:
PATH=C:\ProgramData\Oracle\Java\javapath;C:\Program Files (x86)\Intel\iCLS Client\;C:\Program Files\Intel\iCLS Client\;C:\Program Files\Common Files\Microsoft Shared\Windows Live;C:\Program Files (x86)\Common Files\Microsoft Shared\Windows Live;C:\Windows\system32;C:\Windows;C:\Windows\System32\Wbem;C:\Windows\System32\WindowsPowerShell\v1.0\;C:\Program Files (x86)\Windows Live\Shared;C:\Program Files (x86)\Intel\OpenCL SDK\2.0\bin\x86;C:\Program Files (x86)\Intel\OpenCL SDK\2.0\bin\x64;C:\Program Files\Intel\Intel(R) Management Engine Components\DAL;C:\Program Files\Intel\Intel(R) Management Engine Components\IPT;C:\Program Files (x86)\Intel\Intel(R) Management Engine Components\DAL;C:\Program Files (x86)\Intel\Intel(R) Management Engine Components\IPT;C:\Program Files\Intel\WiFi\bin\;C:\Program Files\Common Files\Intel\WirelessCommon\;C:\Program Files (x86)\Git\cmd;C:\Program Files (x86)\Skype\Phone\
USERNAME=03070048
OS=Windows_NT
PROCESSOR_IDENTIFIER=Intel64 Family 6 Model 58 Stepping 9, GenuineIntel



---------------  S Y S T E M  ---------------

OS: Windows 7 , 64 bit Build 7601 Service Pack 1

CPU:total 4 (2 cores per cpu, 2 threads per core) family 6 model 58 stepping 9, cmov, cx8, fxsr, mmx, sse, sse2, sse3, ssse3, sse4.1, sse4.2, popcnt, avx, aes, clmul, erms, ht, tsc, tscinvbit

Memory: 4k page, physical 12456536k(5230928k free), swap 24911212k(16716740k free)

vm_info: Java HotSpot(TM) 64-Bit Server VM (25.11-b03) for windows-amd64 JRE (1.8.0_11-b12), built on Jun 16 2014 20:57:32 by "java_re" with MS VC++ 10.0 (VS2010)

time: Tue Dec 13 12:58:58 2016
elapsed time: 15 seconds

