#
# A fatal error has been detected by the Java Runtime Environment:
#
#  EXCEPTION_ACCESS_VIOLATION (0xc0000005) at pc=0x0000000003a2f405, pid=8836, tid=10016
#
# JRE version: Java(TM) SE Runtime Environment (8.0_11-b12) (build 1.8.0_11-b12)
# Java VM: Java HotSpot(TM) 64-Bit Server VM (25.11-b03 mixed mode windows-amd64 compressed oops)
# Problematic frame:
# J 4039 C2 com.android.dx.dex.code.LocalList$MakeState.snapshot(ILcom/android/dx/rop/code/RegisterSpecSet;)V (110 bytes) @ 0x0000000003a2f405 [0x0000000003a2f0c0+0x345]
#
# Failed to write core dump. Minidumps are not enabled by default on client versions of Windows
#
# If you would like to submit a bug report, please visit:
#   http://bugreport.sun.com/bugreport/crash.jsp
#

---------------  T H R E A D  ---------------

Current thread (0x000000001f40e000):  JavaThread "pool-1-thread-1" [_thread_in_Java, id=10016, stack(0x0000000021650000,0x0000000021750000)]

siginfo: ExceptionCode=0xc0000005, reading address 0x00000000000000b8

Registers:
RAX=0x0000000000000000, RBX=0x000000000000000c, RCX=0x000000000000000c, RDX=0x0000000000000000
RSP=0x000000002174e7f0, RBP=0x00000006e14efcf8, RSI=0x0000000000000008, RDI=0x000000076b14b468
R8 =0x0000000000000008, R9 =0x0000000000000000, R10=0x00000006e14efd10, R11=0x0000000000000015
R12=0x0000000000000000, R13=0x000000076b14b098, R14=0x000000076b14b428, R15=0x000000001f40e000
RIP=0x0000000003a2f405, EFLAGS=0x0000000000010202

Top of Stack: (sp=0x000000002174e7f0)
0x000000002174e7f0:   000000076b14a880 0000000053e7f831
0x000000002174e800:   00000006c0479508 000000000337f29c
0x000000002174e810:   0000000ced629674 000000076b14b098
0x000000002174e820:   ffffffff0000009e 000000076b14b3d0
0x000000002174e830:   0000000000000023 000000076b14b428
0x000000002174e840:   000000076b14b438 000000000000009e
0x000000002174e850:   000000076accf628 00000006e14efcf8
0x000000002174e860:   00000007c0084fb0 0000000200000000
0x000000002174e870:   000000076b14ab48 0000000000000000
0x000000002174e880:   00000006c0b379d8 000000001f40e000
0x000000002174e890:   00000000ed629569 0000000003569370
0x000000002174e8a0:   00000006e14ee9f0 0000009eed629569
0x000000002174e8b0:   000000076b14b098 0000009e00000000
0x000000002174e8c0:   00000006e14f0110 00000007c0057d30
0x000000002174e8d0:   d808f2a700000007 000000076b14ab08
0x000000002174e8e0:   0000009e00000000 0000009e0000009d 

Instructions: (pc=0x0000000003a2f405)
0x0000000003a2f3e5:   43 8b 4c dc 0c 44 3b c1 0f 83 1a 17 00 00 4f 8d
0x0000000003a2f3f5:   14 dc 47 8b 5c 82 10 45 85 db 0f 84 83 fd ff ff
0x0000000003a2f405:   43 8b 7c dc 10 45 8b 54 fc 08 49 8d 14 fc 41 81
0x0000000003a2f415:   fa 3e d8 00 f8 0f 84 55 fd ff ff 44 89 4c 24 30 


Register to memory mapping:

RAX=0x0000000000000000 is an unknown value
RBX=0x000000000000000c is an unknown value
RCX=0x000000000000000c is an unknown value
RDX=0x0000000000000000 is an unknown value
RSP=0x000000002174e7f0 is pointing into the stack for thread: 0x000000001f40e000
RBP=0x00000006e14efcf8 is an oop
com.android.dx.rop.code.RegisterSpecSet 
 - klass: 'com/android/dx/rop/code/RegisterSpecSet'
RSI=0x0000000000000008 is an unknown value
RDI=0x000000076b14b468 is an unknown value
R8 =0x0000000000000008 is an unknown value
R9 =0x0000000000000000 is an unknown value
R10=0x00000006e14efd10 is an oop
[Lcom.android.dx.rop.code.RegisterSpec; 
 - klass: 'com/android/dx/rop/code/RegisterSpec'[]
 - length: 12
R11=0x0000000000000015 is an unknown value
R12=0x0000000000000000 is an unknown value
R13=0x000000076b14b098 is an oop
com.android.dx.dex.code.LocalList$MakeState 
 - klass: 'com/android/dx/dex/code/LocalList$MakeState'
R14=0x000000076b14b428 is an oop
[I 
 - klass: {type array int}
 - length: 12
R15=0x000000001f40e000 is a thread


Stack: [0x0000000021650000,0x0000000021750000],  sp=0x000000002174e7f0,  free space=1017k
Native frames: (J=compiled Java code, j=interpreted, Vv=VM code, C=native code)
C  0x0000000003a2f405


---------------  P R O C E S S  ---------------

Java Threads: ( => current thread )
=>0x000000001f40e000 JavaThread "pool-1-thread-1" [_thread_in_Java, id=10016, stack(0x0000000021650000,0x0000000021750000)]
  0x000000001ddf6000 JavaThread "pool-2-thread-4" [_thread_blocked, id=6960, stack(0x0000000020440000,0x0000000020540000)]
  0x000000001eab2000 JavaThread "pool-2-thread-3" [_thread_in_Java, id=4128, stack(0x000000001d510000,0x000000001d610000)]
  0x000000001eaaf800 JavaThread "pool-2-thread-2" [_thread_in_Java, id=1280, stack(0x00000000202b0000,0x00000000203b0000)]
  0x000000001dcac800 JavaThread "pool-3-thread-1" [_thread_blocked, id=8164, stack(0x0000000020160000,0x0000000020260000)]
  0x000000001dcac000 JavaThread "pool-2-thread-1" [_thread_blocked, id=9996, stack(0x000000001ffc0000,0x00000000200c0000)]
  0x000000001db07800 JavaThread "Service Thread" daemon [_thread_blocked, id=4348, stack(0x000000001e560000,0x000000001e660000)]
  0x000000001da83800 JavaThread "C1 CompilerThread2" daemon [_thread_blocked, id=188, stack(0x000000001e420000,0x000000001e520000)]
  0x000000001c4de000 JavaThread "C2 CompilerThread1" daemon [_thread_blocked, id=8328, stack(0x000000001e2b0000,0x000000001e3b0000)]
  0x000000001da6f000 JavaThread "C2 CompilerThread0" daemon [_thread_blocked, id=10208, stack(0x000000001e140000,0x000000001e240000)]
  0x000000001da7b800 JavaThread "Attach Listener" daemon [_thread_blocked, id=10136, stack(0x000000001e040000,0x000000001e140000)]
  0x000000001da7a000 JavaThread "Signal Dispatcher" daemon [_thread_blocked, id=8420, stack(0x000000001df40000,0x000000001e040000)]
  0x000000001c476800 JavaThread "Finalizer" daemon [_thread_blocked, id=2316, stack(0x000000001d750000,0x000000001d850000)]
  0x000000001c469800 JavaThread "Reference Handler" daemon [_thread_blocked, id=8324, stack(0x000000001d630000,0x000000001d730000)]
  0x00000000026ee800 JavaThread "main" [_thread_in_Java, id=4620, stack(0x0000000002ce0000,0x0000000002de0000)]

Other Threads:
  0x000000001c466000 VMThread [stack: 0x000000001d3e0000,0x000000001d4e0000] [id=10104]
  0x000000001db0d800 WatcherThread [stack: 0x000000001e6c0000,0x000000001e7c0000] [id=6388]

VM state:not at safepoint (normal execution)

VM Mutex/Monitor currently owned by a thread: None

Heap:
 PSYoungGen      total 547840K, used 408082K [0x000000076ab00000, 0x00000007adb80000, 0x00000007c0000000)
  eden space 158720K, 27% used [0x000000076ab00000,0x000000076d4e2ba8,0x0000000774600000)
  from space 389120K, 93% used [0x000000078f680000,0x00000007a5b21c88,0x00000007a7280000)
  to   space 442880K, 0% used [0x0000000774600000,0x0000000774600000,0x000000078f680000)
 ParOldGen       total 756224K, used 627095K [0x00000006c0000000, 0x00000006ee280000, 0x000000076ab00000)
  object space 756224K, 82% used [0x00000006c0000000,0x00000006e6465e58,0x00000006ee280000)
 Metaspace       used 6607K, capacity 7416K, committed 7680K, reserved 1056768K
  class space    used 641K, capacity 688K, committed 768K, reserved 1048576K

Card table byte_map: [0x00000000121a0000,0x00000000129b0000] byte_map_base: 0x000000000eba0000

Marking Bits: (ParMarkBitMap*) 0x00000000545912b0
 Begin Bits: [0x00000000132e0000, 0x00000000172e0000)
 End Bits:   [0x00000000172e0000, 0x000000001b2e0000)

Polling page: 0x0000000000240000

CodeCache: size=245760Kb used=13342Kb max_used=14784Kb free=232417Kb
 bounds [0x0000000002de0000, 0x0000000003c60000, 0x0000000011de0000]
 total_blobs=3228 nmethods=2960 adapters=181
 compilation: enabled

Compilation events (10 events):
Event: 73.786 Thread 0x000000001da83800 4106       1       com.android.dx.dex.code.form.Form20t::codeSize (2 bytes)
Event: 73.786 Thread 0x000000001da83800 nmethod 4106 0x000000000355f910 code [0x000000000355fa60, 0x000000000355fb70]
Event: 73.787 Thread 0x000000001da83800 4107       3       com.android.dx.dex.code.form.Form20t::branchFits (22 bytes)
Event: 73.788 Thread 0x000000001da83800 nmethod 4107 0x0000000003790050 code [0x0000000003790200, 0x00000000037908f8]
Event: 73.868 Thread 0x000000001da83800 4108       3       com.android.dx.dex.code.form.Form20t::isCompatible (41 bytes)
Event: 73.869 Thread 0x000000001da83800 nmethod 4108 0x000000000378e990 code [0x000000000378eba0, 0x000000000378fb78]
Event: 73.895 Thread 0x000000001da83800 4109       3       com.android.dx.dex.code.OutputFinisher::addReservedParameters (16 bytes)
Event: 73.896 Thread 0x000000001da83800 nmethod 4109 0x00000000036e5d10 code [0x00000000036e5e80, 0x00000000036e6028]
Event: 73.912 Thread 0x000000001c4de000 4110       4       com.android.dx.cf.attrib.AttExceptions::byteLength (15 bytes)
Event: 73.913 Thread 0x000000001c4de000 nmethod 4110 0x000000000378d1d0 code [0x000000000378d320, 0x000000000378d3b8]

GC Heap History (10 events):
Event: 66.345 GC heap before
{Heap before GC invocations=61 (full 9):
 PSYoungGen      total 453632K, used 427796K [0x000000076ab00000, 0x0000000796b00000, 0x00000007c0000000)
  eden space 245248K, 100% used [0x000000076ab00000,0x0000000779a80000,0x0000000779a80000)
  from space 208384K, 87% used [0x0000000779a80000,0x0000000784cc5058,0x0000000786600000)
  to   space 231424K, 0% used [0x0000000788900000,0x0000000788900000,0x0000000796b00000)
 ParOldGen       total 756224K, used 627079K [0x00000006c0000000, 0x00000006ee280000, 0x000000076ab00000)
  object space 756224K, 82% used [0x00000006c0000000,0x00000006e6461e58,0x00000006ee280000)
 Metaspace       used 6297K, capacity 7128K, committed 7424K, reserved 1056768K
  class space    used 622K, capacity 656K, committed 768K, reserved 1048576K
Event: 66.666 GC heap after
Heap after GC invocations=61 (full 9):
 PSYoungGen      total 457728K, used 220202K [0x000000076ab00000, 0x000000079ac00000, 0x00000007c0000000)
  eden space 226304K, 0% used [0x000000076ab00000,0x000000076ab00000,0x0000000778800000)
  from space 231424K, 95% used [0x0000000788900000,0x000000079600ab50,0x0000000796b00000)
  to   space 263168K, 0% used [0x0000000778800000,0x0000000778800000,0x0000000788900000)
 ParOldGen       total 756224K, used 627079K [0x00000006c0000000, 0x00000006ee280000, 0x000000076ab00000)
  object space 756224K, 82% used [0x00000006c0000000,0x00000006e6461e58,0x00000006ee280000)
 Metaspace       used 6297K, capacity 7128K, committed 7424K, reserved 1056768K
  class space    used 622K, capacity 656K, committed 768K, reserved 1048576K
}
Event: 68.337 GC heap before
{Heap before GC invocations=62 (full 9):
 PSYoungGen      total 457728K, used 446506K [0x000000076ab00000, 0x000000079ac00000, 0x00000007c0000000)
  eden space 226304K, 100% used [0x000000076ab00000,0x0000000778800000,0x0000000778800000)
  from space 231424K, 95% used [0x0000000788900000,0x000000079600ab50,0x0000000796b00000)
  to   space 263168K, 0% used [0x0000000778800000,0x0000000778800000,0x0000000788900000)
 ParOldGen       total 756224K, used 627079K [0x00000006c0000000, 0x00000006ee280000, 0x000000076ab00000)
  object space 756224K, 82% used [0x00000006c0000000,0x00000006e6461e58,0x00000006ee280000)
 Metaspace       used 6392K, capacity 7192K, committed 7424K, reserved 1056768K
  class space    used 628K, capacity 656K, committed 768K, reserved 1048576K
Event: 68.827 GC heap after
Heap after GC invocations=62 (full 9):
 PSYoungGen      total 489472K, used 248812K [0x000000076ab00000, 0x000000079de00000, 0x00000007c0000000)
  eden space 226304K, 0% used [0x000000076ab00000,0x000000076ab00000,0x0000000778800000)
  from space 263168K, 94% used [0x0000000778800000,0x0000000787afb000,0x0000000788900000)
  to   space 299008K, 0% used [0x000000078ba00000,0x000000078ba00000,0x000000079de00000)
 ParOldGen       total 756224K, used 627079K [0x00000006c0000000, 0x00000006ee280000, 0x000000076ab00000)
  object space 756224K, 82% used [0x00000006c0000000,0x00000006e6461e58,0x00000006ee280000)
 Metaspace       used 6392K, capacity 7192K, committed 7424K, reserved 1056768K
  class space    used 628K, capacity 656K, committed 768K, reserved 1048576K
}
Event: 70.233 GC heap before
{Heap before GC invocations=63 (full 9):
 PSYoungGen      total 489472K, used 475116K [0x000000076ab00000, 0x000000079de00000, 0x00000007c0000000)
  eden space 226304K, 100% used [0x000000076ab00000,0x0000000778800000,0x0000000778800000)
  from space 263168K, 94% used [0x0000000778800000,0x0000000787afb000,0x0000000788900000)
  to   space 299008K, 0% used [0x000000078ba00000,0x000000078ba00000,0x000000079de00000)
 ParOldGen       total 756224K, used 627079K [0x00000006c0000000, 0x00000006ee280000, 0x000000076ab00000)
  object space 756224K, 82% used [0x00000006c0000000,0x00000006e6461e58,0x00000006ee280000)
 Metaspace       used 6508K, capacity 7288K, committed 7424K, reserved 1056768K
  class space    used 639K, capacity 688K, committed 768K, reserved 1048576K
Event: 70.698 GC heap after
Heap after GC invocations=63 (full 9):
 PSYoungGen      total 497152K, used 285961K [0x000000076ab00000, 0x00000007a3100000, 0x00000007c0000000)
  eden space 198144K, 0% used [0x000000076ab00000,0x000000076ab00000,0x0000000776c80000)
  from space 299008K, 95% used [0x000000078ba00000,0x000000079d1425f0,0x000000079de00000)
  to   space 341504K, 0% used [0x0000000776c80000,0x0000000776c80000,0x000000078ba00000)
 ParOldGen       total 756224K, used 627087K [0x00000006c0000000, 0x00000006ee280000, 0x000000076ab00000)
  object space 756224K, 82% used [0x00000006c0000000,0x00000006e6463e58,0x00000006ee280000)
 Metaspace       used 6508K, capacity 7288K, committed 7424K, reserved 1056768K
  class space    used 639K, capacity 688K, committed 768K, reserved 1048576K
}
Event: 71.627 GC heap before
{Heap before GC invocations=64 (full 9):
 PSYoungGen      total 497152K, used 484105K [0x000000076ab00000, 0x00000007a3100000, 0x00000007c0000000)
  eden space 198144K, 100% used [0x000000076ab00000,0x0000000776c80000,0x0000000776c80000)
  from space 299008K, 95% used [0x000000078ba00000,0x000000079d1425f0,0x000000079de00000)
  to   space 341504K, 0% used [0x0000000776c80000,0x0000000776c80000,0x000000078ba00000)
 ParOldGen       total 756224K, used 627087K [0x00000006c0000000, 0x00000006ee280000, 0x000000076ab00000)
  object space 756224K, 82% used [0x00000006c0000000,0x00000006e6463e58,0x00000006ee280000)
 Metaspace       used 6598K, capacity 7416K, committed 7680K, reserved 1056768K
  class space    used 640K, capacity 688K, committed 768K, reserved 1048576K
Event: 72.362 GC heap after
Heap after GC invocations=64 (full 9):
 PSYoungGen      total 539648K, used 323952K [0x000000076ab00000, 0x00000007a7280000, 0x00000007c0000000)
  eden space 198144K, 0% used [0x000000076ab00000,0x000000076ab00000,0x0000000776c80000)
  from space 341504K, 94% used [0x0000000776c80000,0x000000078a8dc3a0,0x000000078ba00000)
  to   space 389120K, 0% used [0x000000078f680000,0x000000078f680000,0x00000007a7280000)
 ParOldGen       total 756224K, used 627095K [0x00000006c0000000, 0x00000006ee280000, 0x000000076ab00000)
  object space 756224K, 82% used [0x00000006c0000000,0x00000006e6465e58,0x00000006ee280000)
 Metaspace       used 6598K, capacity 7416K, committed 7680K, reserved 1056768K
  class space    used 640K, capacity 688K, committed 768K, reserved 1048576K
}
Event: 73.964 GC heap before
{Heap before GC invocations=65 (full 9):
 PSYoungGen      total 539648K, used 522096K [0x000000076ab00000, 0x00000007a7280000, 0x00000007c0000000)
  eden space 198144K, 100% used [0x000000076ab00000,0x0000000776c80000,0x0000000776c80000)
  from space 341504K, 94% used [0x0000000776c80000,0x000000078a8dc3a0,0x000000078ba00000)
  to   space 389120K, 0% used [0x000000078f680000,0x000000078f680000,0x00000007a7280000)
 ParOldGen       total 756224K, used 627095K [0x00000006c0000000, 0x00000006ee280000, 0x000000076ab00000)
  object space 756224K, 82% used [0x00000006c0000000,0x00000006e6465e58,0x00000006ee280000)
 Metaspace       used 6607K, capacity 7416K, committed 7680K, reserved 1056768K
  class space    used 641K, capacity 688K, committed 768K, reserved 1048576K
Event: 74.544 GC heap after
Heap after GC invocations=65 (full 9):
 PSYoungGen      total 547840K, used 365191K [0x000000076ab00000, 0x00000007adb80000, 0x00000007c0000000)
  eden space 158720K, 0% used [0x000000076ab00000,0x000000076ab00000,0x0000000774600000)
  from space 389120K, 93% used [0x000000078f680000,0x00000007a5b21c88,0x00000007a7280000)
  to   space 442880K, 0% used [0x0000000774600000,0x0000000774600000,0x000000078f680000)
 ParOldGen       total 756224K, used 627095K [0x00000006c0000000, 0x00000006ee280000, 0x000000076ab00000)
  object space 756224K, 82% used [0x00000006c0000000,0x00000006e6465e58,0x00000006ee280000)
 Metaspace       used 6607K, capacity 7416K, committed 7680K, reserved 1056768K
  class space    used 641K, capacity 688K, committed 768K, reserved 1048576K
}

Deoptimization events (10 events):
Event: 71.135 Thread 0x000000001f40e000 Uncommon trap: reason=array_check action=maybe_recompile pc=0x0000000003b661b0 method=java.util.ComparableTimSort.binarySort([Ljava/lang/Object;III)V @ 193
Event: 71.216 Thread 0x000000001f40e000 Uncommon trap: reason=array_check action=maybe_recompile pc=0x0000000003b661b0 method=java.util.ComparableTimSort.binarySort([Ljava/lang/Object;III)V @ 193
Event: 71.230 Thread 0x000000001f40e000 Uncommon trap: reason=array_check action=maybe_recompile pc=0x000000000341fb6c method=java.util.ComparableTimSort.binarySort([Ljava/lang/Object;III)V @ 183
Event: 71.264 Thread 0x000000001f40e000 Uncommon trap: reason=array_check action=maybe_recompile pc=0x000000000341faa4 method=java.util.ComparableTimSort.binarySort([Ljava/lang/Object;III)V @ 193
Event: 71.468 Thread 0x000000001f40e000 Uncommon trap: reason=array_check action=maybe_recompile pc=0x0000000003139484 method=java.util.ComparableTimSort.binarySort([Ljava/lang/Object;III)V @ 215
Event: 71.482 Thread 0x000000001f40e000 Uncommon trap: reason=array_check action=maybe_recompile pc=0x0000000003139484 method=java.util.ComparableTimSort.binarySort([Ljava/lang/Object;III)V @ 215
Event: 71.528 Thread 0x000000001f40e000 Uncommon trap: reason=unreached action=reinterpret pc=0x0000000003b84708 method=com.android.dx.dex.code.LocalList$MakeState.filterSpec(Lcom/android/dx/rop/code/RegisterSpec;)Lcom/android/dx/rop/code/RegisterSpec; @ 11
Event: 72.845 Thread 0x000000001f40e000 Uncommon trap: reason=array_check action=maybe_recompile pc=0x0000000003089918 method=java.util.ComparableTimSort.binarySort([Ljava/lang/Object;III)V @ 193
Event: 72.868 Thread 0x000000001f40e000 Uncommon trap: reason=null_check action=make_not_entrant pc=0x000000000398f410 method=com.android.dx.dex.code.LocalList$MakeState.checkForEmptyRange(ILcom/android/dx/rop/code/RegisterSpec;)Z @ 119
Event: 73.150 Thread 0x000000001f40e000 Uncommon trap: reason=unreached action=reinterpret pc=0x000000000389f018 method=com.android.dx.dex.code.LocalList$MakeState.aboutToProcess(II)V @ 86

Internal exceptions (10 events):
Event: 70.162 Thread 0x000000001f40e000 Exception <a 'java/security/PrivilegedActionException'> (0x0000000777733160) thrown at [C:\re\workspace\8-2-build-windows-amd64-cygwin\jdk8u11\648\hotspot\src\share\vm\prims\jvm.cpp, line 1248]
Event: 70.163 Thread 0x000000001f40e000 Exception <a 'java/security/PrivilegedActionException'> (0x0000000777738040) thrown at [C:\re\workspace\8-2-build-windows-amd64-cygwin\jdk8u11\648\hotspot\src\share\vm\prims\jvm.cpp, line 1248]
Event: 70.164 Thread 0x000000001f40e000 Exception <a 'java/security/PrivilegedActionException'> (0x000000077773c7b0) thrown at [C:\re\workspace\8-2-build-windows-amd64-cygwin\jdk8u11\648\hotspot\src\share\vm\prims\jvm.cpp, line 1248]
Event: 70.191 Thread 0x000000001f40e000 Exception <a 'java/security/PrivilegedActionException'> (0x0000000777758ad0) thrown at [C:\re\workspace\8-2-build-windows-amd64-cygwin\jdk8u11\648\hotspot\src\share\vm\prims\jvm.cpp, line 1248]
Event: 70.830 Thread 0x000000001f40e000 Exception <a 'java/security/PrivilegedActionException'> (0x000000076c146590) thrown at [C:\re\workspace\8-2-build-windows-amd64-cygwin\jdk8u11\648\hotspot\src\share\vm\prims\jvm.cpp, line 1248]
Event: 70.831 Thread 0x000000001f40e000 Exception <a 'java/security/PrivilegedActionException'> (0x000000076c149e10) thrown at [C:\re\workspace\8-2-build-windows-amd64-cygwin\jdk8u11\648\hotspot\src\share\vm\prims\jvm.cpp, line 1248]
Event: 70.832 Thread 0x000000001f40e000 Exception <a 'java/security/PrivilegedActionException'> (0x000000076c14f310) thrown at [C:\re\workspace\8-2-build-windows-amd64-cygwin\jdk8u11\648\hotspot\src\share\vm\prims\jvm.cpp, line 1248]
Event: 72.868 Thread 0x000000001f40e000 Implicit null exception at 0x000000000398e5f4 to 0x000000000398f3f3
Event: 72.936 Thread 0x000000001f40e000 Exception <a 'java/security/PrivilegedActionException'> (0x000000076c2623a8) thrown at [C:\re\workspace\8-2-build-windows-amd64-cygwin\jdk8u11\648\hotspot\src\share\vm\prims\jvm.cpp, line 1248]
Event: 74.557 Thread 0x000000001f40e000 Implicit null exception at 0x0000000003a2f405 to 0x0000000000000000

Events (10 events):
Event: 73.256 Thread 0x000000001f40e000 DEOPT PACKING pc=0x0000000003899759 sp=0x000000002174e6a0
Event: 73.256 Thread 0x000000001f40e000 DEOPT UNPACKING pc=0x0000000002e27604 sp=0x000000002174e3f0 mode 0
Event: 73.262 Thread 0x000000001f40e000 DEOPT PACKING pc=0x0000000003899759 sp=0x000000002174e800
Event: 73.262 Thread 0x000000001f40e000 DEOPT UNPACKING pc=0x0000000002e27604 sp=0x000000002174e550 mode 0
Event: 73.268 Thread 0x000000001f40e000 DEOPT PACKING pc=0x0000000003899759 sp=0x000000002174e6a0
Event: 73.268 Thread 0x000000001f40e000 DEOPT UNPACKING pc=0x0000000002e27604 sp=0x000000002174e3f0 mode 0
Event: 73.274 Thread 0x000000001f40e000 DEOPT PACKING pc=0x0000000003899759 sp=0x000000002174e800
Event: 73.274 Thread 0x000000001f40e000 DEOPT UNPACKING pc=0x0000000002e27604 sp=0x000000002174e550 mode 0
Event: 73.964 Executing VM operation: ParallelGCFailedAllocation
Event: 74.544 Executing VM operation: ParallelGCFailedAllocation done


Dynamic libraries:
0x000000013f9f0000 - 0x000000013fa24000 	C:\Program Files\Java\jdk1.8.0_11\bin\java.exe
0x0000000077050000 - 0x00000000771fa000 	C:\Windows\SYSTEM32\ntdll.dll
0x0000000076f30000 - 0x000000007704f000 	C:\Windows\system32\kernel32.dll
0x000007fefcdc0000 - 0x000007fefce2a000 	C:\Windows\system32\KERNELBASE.dll
0x000007fefa210000 - 0x000007fefa294000 	C:\Windows\system32\tmumh\20019\AddOn\6.80.0.1007\TmUmEvt64.dll
0x0000000077220000 - 0x0000000077227000 	C:\Windows\system32\PSAPI.DLL
0x000007fefe930000 - 0x000007fefe9a1000 	C:\Windows\system32\SHLWAPI.dll
0x000007feff280000 - 0x000007feff2e7000 	C:\Windows\system32\GDI32.dll
0x0000000076e30000 - 0x0000000076f2a000 	C:\Windows\system32\USER32.dll
0x000007fefdf60000 - 0x000007fefdf6e000 	C:\Windows\system32\LPK.dll
0x000007fefe9b0000 - 0x000007fefea7a000 	C:\Windows\system32\USP10.dll
0x000007fefe390000 - 0x000007fefe42f000 	C:\Windows\system32\msvcrt.dll
0x000007fefe1e0000 - 0x000007fefe2bb000 	C:\Windows\system32\ADVAPI32.dll
0x000007fefe510000 - 0x000007fefe52f000 	C:\Windows\SYSTEM32\sechost.dll
0x000007fefe800000 - 0x000007fefe92d000 	C:\Windows\system32\RPCRT4.dll
0x00000000749d0000 - 0x0000000074aee000 	C:\Windows\system32\tmumh\20019\TmMon\1.6.0.1163\tmmon64.dll
0x000007fefe2c0000 - 0x000007fefe2ee000 	C:\Windows\system32\IMM32.DLL
0x000007feff0d0000 - 0x000007feff1d9000 	C:\Windows\system32\MSCTF.dll
0x000007fefb780000 - 0x000007fefb974000 	C:\Windows\WinSxS\amd64_microsoft.windows.common-controls_6595b64144ccf1df_6.0.7601.18837_none_fa3b1e3d17594757\COMCTL32.dll
0x00000000555b0000 - 0x0000000055682000 	C:\Program Files\Java\jdk1.8.0_11\jre\bin\msvcr100.dll
0x0000000053de0000 - 0x000000005460a000 	C:\Program Files\Java\jdk1.8.0_11\jre\bin\server\jvm.dll
0x000007fef7c80000 - 0x000007fef7c89000 	C:\Windows\system32\WSOCK32.dll
0x000007feff2f0000 - 0x000007feff33d000 	C:\Windows\system32\WS2_32.dll
0x000007fefd1c0000 - 0x000007fefd1c8000 	C:\Windows\system32\NSI.dll
0x000007fefa830000 - 0x000007fefa86b000 	C:\Windows\system32\WINMM.dll
0x000000005ec20000 - 0x000000005ec2f000 	C:\Program Files\Java\jdk1.8.0_11\jre\bin\verify.dll
0x000000005eae0000 - 0x000000005eb08000 	C:\Program Files\Java\jdk1.8.0_11\jre\bin\java.dll
0x000000005eac0000 - 0x000000005ead6000 	C:\Program Files\Java\jdk1.8.0_11\jre\bin\zip.dll
0x000007fefd1d0000 - 0x000007fefdf5a000 	C:\Windows\system32\SHELL32.dll
0x000000001d850000 - 0x000000001da53000 	C:\Windows\system32\ole32.dll
0x000007fefcd90000 - 0x000007fefcd9f000 	C:\Windows\system32\profapi.dll
0x000007fef6490000 - 0x000007fef65b5000 	C:\Windows\system32\dbghelp.dll

VM Arguments:
jvm_args: -Djava.awt.headless=true -Xmx4g -Dfile.encoding=x-windows-950 -Duser.country=TW -Duser.language=zh -Duser.variant 
java_command: com.android.dx.command.Main --dex --num-threads=4 --multi-dex --main-dex-list D:\Android Studio\AndroidStudioProjects\Gmap\app\build\intermediates\multi-dex\debug\maindexlist.txt --output D:\Android Studio\AndroidStudioProjects\Gmap\app\build\intermediates\transforms\dex\debug\folders\1000\1f\main D:\Android Studio\AndroidStudioProjects\Gmap\app\build\intermediates\transforms\jarMerging\debug\jars\1\1f\combined.jar
java_class_path (initial): D:\adt-bundle-windows-x86_64-20140702\sdk\build-tools\24.0.0\lib\dx.jar
Launcher Type: SUN_STANDARD

Environment Variables:
PATH=C:\ProgramData\Oracle\Java\javapath;C:\Program Files (x86)\Intel\iCLS Client\;C:\Program Files\Intel\iCLS Client\;C:\Program Files\Common Files\Microsoft Shared\Windows Live;C:\Program Files (x86)\Common Files\Microsoft Shared\Windows Live;C:\Windows\system32;C:\Windows;C:\Windows\System32\Wbem;C:\Windows\System32\WindowsPowerShell\v1.0\;C:\Program Files (x86)\Windows Live\Shared;C:\Program Files (x86)\Intel\OpenCL SDK\2.0\bin\x86;C:\Program Files (x86)\Intel\OpenCL SDK\2.0\bin\x64;C:\Program Files\Intel\Intel(R) Management Engine Components\DAL;C:\Program Files\Intel\Intel(R) Management Engine Components\IPT;C:\Program Files (x86)\Intel\Intel(R) Management Engine Components\DAL;C:\Program Files (x86)\Intel\Intel(R) Management Engine Components\IPT;C:\Program Files\Intel\WiFi\bin\;C:\Program Files\Common Files\Intel\WirelessCommon\;C:\Program Files (x86)\Git\cmd;C:\Program Files (x86)\Skype\Phone\
USERNAME=03070048
OS=Windows_NT
PROCESSOR_IDENTIFIER=Intel64 Family 6 Model 58 Stepping 9, GenuineIntel



---------------  S Y S T E M  ---------------

OS: Windows 7 , 64 bit Build 7601 Service Pack 1

CPU:total 4 (2 cores per cpu, 2 threads per core) family 6 model 58 stepping 9, cmov, cx8, fxsr, mmx, sse, sse2, sse3, ssse3, sse4.1, sse4.2, popcnt, avx, aes, clmul, erms, ht, tsc, tscinvbit

Memory: 4k page, physical 12456536k(4661864k free), swap 24911212k(16164700k free)

vm_info: Java HotSpot(TM) 64-Bit Server VM (25.11-b03) for windows-amd64 JRE (1.8.0_11-b12), built on Jun 16 2014 20:57:32 by "java_re" with MS VC++ 10.0 (VS2010)

time: Tue Dec 13 12:01:41 2016
elapsed time: 74 seconds

