#
# A fatal error has been detected by the Java Runtime Environment:
#
#  EXCEPTION_ACCESS_VIOLATION (0xc0000005) at pc=0x0000000053f06c58, pid=4612, tid=6980
#
# JRE version: Java(TM) SE Runtime Environment (8.0_11-b12) (build 1.8.0_11-b12)
# Java VM: Java HotSpot(TM) 64-Bit Server VM (25.11-b03 mixed mode windows-amd64 compressed oops)
# Problematic frame:
# V  [jvm.dll+0x126c58]
#
# Failed to write core dump. Minidumps are not enabled by default on client versions of Windows
#
# If you would like to submit a bug report, please visit:
#   http://bugreport.sun.com/bugreport/crash.jsp
#

---------------  T H R E A D  ---------------

Current thread (0x00000000023ed000):  GCTaskThread [stack: 0x0000000012ed0000,0x0000000012fd0000] [id=6980]

siginfo: ExceptionCode=0xc0000005, reading address 0xffffffffffffffff

Registers:
RAX=0x0000000013240000, RBX=0x00000000000003f6, RCX=0x0000000000000000, RDX=0x0000000000000004
RSP=0x0000000012fcf270, RBP=0x000000001c324b20, RSI=0x00000006c7a54d1c, RDI=0x0000000000000020
R8 =0x007ffffffca00000, R9 =0x000000001c324b20, R10=0x0000000000000418, R11=0x00000006c7a48c28
R12=0x00000006c7a54db8, R13=0x00000000000000ae, R14=0x00000006c7a54af0, R15=0x00000000000000ae
RIP=0x0000000053f06c58, EFLAGS=0x0000000000010202

Top of Stack: (sp=0x0000000012fcf270)
0x0000000012fcf270:   000000001c992100 0000000053ee118a
0x0000000012fcf280:   00000007c008e1b0 00000006c7a4ca0c
0x0000000012fcf290:   000000001c324b20 0000000053f06d73
0x0000000012fcf2a0:   0000000000000000 00000000023ed670
0x0000000012fcf2b0:   00000000023ec930 0000000012fcf3d9
0x0000000012fcf2c0:   00000000000003f6 00000000541a7d80
0x0000000012fcf2d0:   000000001c324b20 000000001c324b20
0x0000000012fcf2e0:   00000000543e9738 00000000543e9738
0x0000000012fcf2f0:   000000001c990ab8 0000000012fcf3a0
0x0000000012fcf300:   000000001edc0af0 0000000000000004
0x0000000012fcf310:   000000001c324b20 0000000053edffa2
0x0000000012fcf320:   00000006cdd15ee8 0000000053fd55d3
0x0000000012fcf330:   0000000000000000 00000000023ec930
0x0000000012fcf340:   00000000023ed680 00000000023ed670
0x0000000012fcf350:   00000000543e9738 000000001c324b20
0x0000000012fcf360:   0000000000000000 0000000012fcf3d9 

Instructions: (pc=0x0000000053f06c58)
0x0000000053f06c38:   05 73 a6 68 00 49 c1 e8 03 49 d3 e8 41 0f b6 c0
0x0000000053f06c48:   49 c1 e8 06 24 3f 0f b6 d0 48 8b 05 88 a6 68 00
0x0000000053f06c58:   4a 8b 0c c0 48 0f a3 d1 72 3e 48 8b cf e8 b6 22
0x0000000053f06c68:   fd ff 84 c0 74 32 48 8b d7 48 8b cd e8 27 f0 fc 


Register to memory mapping:

RAX=0x0000000013240000 is an unknown value
RBX=0x00000000000003f6 is an unknown value
RCX=0x0000000000000000 is an unknown value
RDX=0x0000000000000004 is an unknown value
RSP=0x0000000012fcf270 is an unknown value
RBP=0x000000001c324b20 is an unknown value
RSI=0x00000006c7a54d1c is pointing into object: 0x00000006c7a54af0
[Lcom.android.dx.dex.code.CodeAddress; 
 - klass: 'com/android/dx/dex/code/CodeAddress'[]
 - length: 174
RDI=0x0000000000000020 is an unknown value
R8 =0x007ffffffca00000 is an unknown value
R9 =0x000000001c324b20 is an unknown value
R10=0x0000000000000418 is an unknown value
R11=0x00000006c7a48c28 is an oop
com.android.dx.dex.code.CodeAddress 
 - klass: 'com/android/dx/dex/code/CodeAddress'
R12=0x00000006c7a54db8 is an oop
com.android.dx.dex.code.CodeAddress 
 - klass: 'com/android/dx/dex/code/CodeAddress'
R13=0x00000000000000ae is an unknown value
R14=0x00000006c7a54af0 is an oop
[Lcom.android.dx.dex.code.CodeAddress; 
 - klass: 'com/android/dx/dex/code/CodeAddress'[]
 - length: 174
R15=0x00000000000000ae is an unknown value


Stack: [0x0000000012ed0000,0x0000000012fd0000],  sp=0x0000000012fcf270,  free space=1020k
Native frames: (J=compiled Java code, j=interpreted, Vv=VM code, C=native code)
V  [jvm.dll+0x126c58]
V  [jvm.dll+0x3c7d80]
V  [jvm.dll+0x3c4e51]
V  [jvm.dll+0x3c299e]
V  [jvm.dll+0x27bcca]
C  [msvcr100.dll+0x21d9f]
C  [msvcr100.dll+0x21e3b]
C  [kernel32.dll+0x159cd]
C  [ntdll.dll+0x2a561]


---------------  P R O C E S S  ---------------

Java Threads: ( => current thread )
  0x000000001ed4f000 JavaThread "pool-2-thread-4" [_thread_blocked, id=8956, stack(0x00000000207b0000,0x00000000208b0000)]
  0x000000001ed4d000 JavaThread "pool-2-thread-3" [_thread_blocked, id=9364, stack(0x0000000020610000,0x0000000020710000)]
  0x000000001ed4c000 JavaThread "pool-2-thread-2" [_thread_blocked, id=7436, stack(0x00000000204d0000,0x00000000205d0000)]
  0x000000001ea35800 JavaThread "pool-3-thread-1" [_thread_blocked, id=7668, stack(0x00000000202e0000,0x00000000203e0000)]
  0x000000001ebd6000 JavaThread "pool-2-thread-1" [_thread_blocked, id=8368, stack(0x00000000201d0000,0x00000000202d0000)]
  0x000000001dc0d800 JavaThread "Service Thread" daemon [_thread_blocked, id=9300, stack(0x000000001e5e0000,0x000000001e6e0000)]
  0x000000001db96800 JavaThread "C1 CompilerThread2" daemon [_thread_blocked, id=9952, stack(0x000000001e430000,0x000000001e530000)]
  0x000000001db8c000 JavaThread "C2 CompilerThread1" daemon [_thread_blocked, id=10084, stack(0x000000001e2c0000,0x000000001e3c0000)]
  0x000000001db86000 JavaThread "C2 CompilerThread0" daemon [_thread_blocked, id=1520, stack(0x000000001e1a0000,0x000000001e2a0000)]
  0x000000001db7b000 JavaThread "Attach Listener" daemon [_thread_blocked, id=228, stack(0x000000001df90000,0x000000001e090000)]
  0x000000001c43f800 JavaThread "Signal Dispatcher" daemon [_thread_blocked, id=7468, stack(0x000000001d680000,0x000000001d780000)]
  0x000000001c3d6000 JavaThread "Finalizer" daemon [_thread_blocked, id=2260, stack(0x000000001d860000,0x000000001d960000)]
  0x000000001c3cb000 JavaThread "Reference Handler" daemon [_thread_blocked, id=9880, stack(0x000000001d570000,0x000000001d670000)]
  0x000000000026e800 JavaThread "main" [_thread_blocked, id=10108, stack(0x0000000002c90000,0x0000000002d90000)]

Other Threads:
  0x000000001c3c7800 VMThread [stack: 0x000000001d470000,0x000000001d570000] [id=2924]
  0x000000001dc17000 WatcherThread [stack: 0x000000001e820000,0x000000001e920000] [id=4348]

=>0x00000000023ed000 (exited) GCTaskThread [stack: 0x0000000012ed0000,0x0000000012fd0000] [id=6980]

VM state:at safepoint (normal execution)

VM Mutex/Monitor currently owned by a thread:  ([mutex/lock_event])
[0x000000000026c680] Threads_lock - owner thread: 0x000000001c3c7800
[0x000000000026cb80] Heap_lock - owner thread: 0x000000001ebd6000

Heap:
 PSYoungGen      total 313856K, used 59008K [0x000000076ab00000, 0x0000000784080000, 0x00000007c0000000)
  eden space 238080K, 0% used [0x000000076ab00000,0x000000076ab00000,0x0000000779380000)
  from space 75776K, 77% used [0x0000000779380000,0x000000077cd20238,0x000000077dd80000)
  to   space 82944K, 0% used [0x000000077ef80000,0x000000077ef80000,0x0000000784080000)
 ParOldGen       total 290304K, used 290275K [0x00000006c0000000, 0x00000006d1b80000, 0x000000076ab00000)
  object space 290304K, 99% used [0x00000006c0000000,0x00000006d1b78e30,0x00000006d1b80000)
 Metaspace       used 6286K, capacity 7128K, committed 7424K, reserved 1056768K
  class space    used 621K, capacity 656K, committed 768K, reserved 1048576K

Card table byte_map: [0x0000000012150000,0x0000000012960000] byte_map_base: 0x000000000eb50000

Marking Bits: (ParMarkBitMap*) 0x00000000545912b0
 Begin Bits: [0x0000000013240000, 0x0000000017240000)
 End Bits:   [0x0000000017240000, 0x000000001b240000)

Polling page: 0x0000000000240000

CodeCache: size=245760Kb used=10719Kb max_used=11079Kb free=235040Kb
 bounds [0x0000000002d90000, 0x00000000038c0000, 0x0000000011d90000]
 total_blobs=2519 nmethods=2251 adapters=181
 compilation: enabled

Compilation events (10 events):
Event: 32.994 Thread 0x000000001db86000 nmethod 2704 0x0000000002eb9c50 code [0x0000000002eb9de0, 0x0000000002eba3a8]
Event: 32.994 Thread 0x000000001db86000 2714       4       java.util.RegularEnumSet::remove (74 bytes)
Event: 32.996 Thread 0x000000001db86000 nmethod 2714 0x0000000003081cd0 code [0x0000000003081e20, 0x0000000003081f18]
Event: 32.996 Thread 0x000000001db86000 2276   !   4       com.android.dx.cf.code.Simulator::simulate (74 bytes)
Event: 33.002 Thread 0x000000001db86000 nmethod 2276 0x00000000031ce190 code [0x00000000031ce300, 0x00000000031ce4b8]
Event: 33.002 Thread 0x000000001db86000 2715       4       com.android.dx.cf.code.Simulator$SimVisitor::visitNoArgs (2136 bytes)
Event: 33.078 Thread 0x000000001db96800 2719       2       java.util.HashMap$TreeNode::moveRootToFront (124 bytes)
Event: 33.079 Thread 0x000000001db96800 nmethod 2719 0x000000000322ad10 code [0x000000000322ae80, 0x000000000322b1d0]
Event: 33.154 Thread 0x000000001db96800 2720       2       com.android.dx.cf.direct.AnnotationParser::parseConstant (74 bytes)
Event: 33.156 Thread 0x000000001db96800 nmethod 2720 0x0000000003143c50 code [0x0000000003143f00, 0x0000000003144ba8]

GC Heap History (10 events):
Event: 23.784 GC heap after
Heap after GC invocations=38 (full 2):
 PSYoungGen      total 280064K, used 10643K [0x000000076ab00000, 0x0000000780580000, 0x00000007c0000000)
  eden space 244736K, 0% used [0x000000076ab00000,0x000000076ab00000,0x0000000779a00000)
  from space 35328K, 30% used [0x000000077e300000,0x000000077ed64cd0,0x0000000780580000)
  to   space 47616K, 0% used [0x000000077a880000,0x000000077a880000,0x000000077d700000)
 ParOldGen       total 253440K, used 223849K [0x00000006c0000000, 0x00000006cf780000, 0x000000076ab00000)
  object space 253440K, 88% used [0x00000006c0000000,0x00000006cda9a678,0x00000006cf780000)
 Metaspace       used 6280K, capacity 7128K, committed 7424K, reserved 1056768K
  class space    used 621K, capacity 656K, committed 768K, reserved 1048576K
}
Event: 25.366 GC heap before
{Heap before GC invocations=39 (full 2):
 PSYoungGen      total 280064K, used 255379K [0x000000076ab00000, 0x0000000780580000, 0x00000007c0000000)
  eden space 244736K, 100% used [0x000000076ab00000,0x0000000779a00000,0x0000000779a00000)
  from space 35328K, 30% used [0x000000077e300000,0x000000077ed64cd0,0x0000000780580000)
  to   space 47616K, 0% used [0x000000077a880000,0x000000077a880000,0x000000077d700000)
 ParOldGen       total 253440K, used 223849K [0x00000006c0000000, 0x00000006cf780000, 0x000000076ab00000)
  object space 253440K, 88% used [0x00000006c0000000,0x00000006cda9a678,0x00000006cf780000)
 Metaspace       used 6284K, capacity 7128K, committed 7424K, reserved 1056768K
  class space    used 621K, capacity 656K, committed 768K, reserved 1048576K
Event: 25.910 GC heap after
Heap after GC invocations=39 (full 2):
 PSYoungGen      total 306176K, used 47301K [0x000000076ab00000, 0x0000000781380000, 0x00000007c0000000)
  eden space 258560K, 0% used [0x000000076ab00000,0x000000076ab00000,0x000000077a780000)
  from space 47616K, 99% used [0x000000077a880000,0x000000077d6b1660,0x000000077d700000)
  to   space 55296K, 0% used [0x000000077dd80000,0x000000077dd80000,0x0000000781380000)
 ParOldGen       total 253440K, used 223849K [0x00000006c0000000, 0x00000006cf780000, 0x000000076ab00000)
  object space 253440K, 88% used [0x00000006c0000000,0x00000006cda9a678,0x00000006cf780000)
 Metaspace       used 6284K, capacity 7128K, committed 7424K, reserved 1056768K
  class space    used 621K, capacity 656K, committed 768K, reserved 1048576K
}
Event: 27.598 GC heap before
{Heap before GC invocations=40 (full 2):
 PSYoungGen      total 306176K, used 305861K [0x000000076ab00000, 0x0000000781380000, 0x00000007c0000000)
  eden space 258560K, 100% used [0x000000076ab00000,0x000000077a780000,0x000000077a780000)
  from space 47616K, 99% used [0x000000077a880000,0x000000077d6b1660,0x000000077d700000)
  to   space 55296K, 0% used [0x000000077dd80000,0x000000077dd80000,0x0000000781380000)
 ParOldGen       total 253440K, used 223849K [0x00000006c0000000, 0x00000006cf780000, 0x000000076ab00000)
  object space 253440K, 88% used [0x00000006c0000000,0x00000006cda9a678,0x00000006cf780000)
 Metaspace       used 6286K, capacity 7128K, committed 7424K, reserved 1056768K
  class space    used 621K, capacity 656K, committed 768K, reserved 1048576K
Event: 27.768 GC heap after
Heap after GC invocations=40 (full 2):
 PSYoungGen      total 293376K, used 55273K [0x000000076ab00000, 0x0000000784980000, 0x00000007c0000000)
  eden space 238080K, 0% used [0x000000076ab00000,0x000000076ab00000,0x0000000779380000)
  from space 55296K, 99% used [0x000000077dd80000,0x000000078137a510,0x0000000781380000)
  to   space 75776K, 0% used [0x0000000779380000,0x0000000779380000,0x000000077dd80000)
 ParOldGen       total 254464K, used 254316K [0x00000006c0000000, 0x00000006cf880000, 0x000000076ab00000)
  object space 254464K, 99% used [0x00000006c0000000,0x00000006cf85b100,0x00000006cf880000)
 Metaspace       used 6286K, capacity 7128K, committed 7424K, reserved 1056768K
  class space    used 621K, capacity 656K, committed 768K, reserved 1048576K
}
Event: 27.768 GC heap before
{Heap before GC invocations=41 (full 3):
 PSYoungGen      total 293376K, used 55273K [0x000000076ab00000, 0x0000000784980000, 0x00000007c0000000)
  eden space 238080K, 0% used [0x000000076ab00000,0x000000076ab00000,0x0000000779380000)
  from space 55296K, 99% used [0x000000077dd80000,0x000000078137a510,0x0000000781380000)
  to   space 75776K, 0% used [0x0000000779380000,0x0000000779380000,0x000000077dd80000)
 ParOldGen       total 254464K, used 254316K [0x00000006c0000000, 0x00000006cf880000, 0x000000076ab00000)
  object space 254464K, 99% used [0x00000006c0000000,0x00000006cf85b100,0x00000006cf880000)
 Metaspace       used 6286K, capacity 7128K, committed 7424K, reserved 1056768K
  class space    used 621K, capacity 656K, committed 768K, reserved 1048576K
Event: 31.790 GC heap after
Heap after GC invocations=41 (full 3):
 PSYoungGen      total 293376K, used 54373K [0x000000076ab00000, 0x0000000784980000, 0x00000007c0000000)
  eden space 238080K, 0% used [0x000000076ab00000,0x000000076ab00000,0x0000000779380000)
  from space 55296K, 98% used [0x000000077dd80000,0x00000007812995b8,0x0000000781380000)
  to   space 75776K, 0% used [0x0000000779380000,0x0000000779380000,0x000000077dd80000)
 ParOldGen       total 290304K, used 254282K [0x00000006c0000000, 0x00000006d1b80000, 0x000000076ab00000)
  object space 290304K, 87% used [0x00000006c0000000,0x00000006cf852998,0x00000006d1b80000)
 Metaspace       used 6286K, capacity 7128K, committed 7424K, reserved 1056768K
  class space    used 621K, capacity 656K, committed 768K, reserved 1048576K
}
Event: 33.312 GC heap before
{Heap before GC invocations=42 (full 3):
 PSYoungGen      total 293376K, used 292453K [0x000000076ab00000, 0x0000000784980000, 0x00000007c0000000)
  eden space 238080K, 100% used [0x000000076ab00000,0x0000000779380000,0x0000000779380000)
  from space 55296K, 98% used [0x000000077dd80000,0x00000007812995b8,0x0000000781380000)
  to   space 75776K, 0% used [0x0000000779380000,0x0000000779380000,0x000000077dd80000)
 ParOldGen       total 290304K, used 254282K [0x00000006c0000000, 0x00000006d1b80000, 0x000000076ab00000)
  object space 290304K, 87% used [0x00000006c0000000,0x00000006cf852998,0x00000006d1b80000)
 Metaspace       used 6286K, capacity 7128K, committed 7424K, reserved 1056768K
  class space    used 621K, capacity 656K, committed 768K, reserved 1048576K
Event: 33.725 GC heap after
Heap after GC invocations=42 (full 3):
 PSYoungGen      total 313856K, used 59008K [0x000000076ab00000, 0x0000000784080000, 0x00000007c0000000)
  eden space 238080K, 0% used [0x000000076ab00000,0x000000076ab00000,0x0000000779380000)
  from space 75776K, 77% used [0x0000000779380000,0x000000077cd20238,0x000000077dd80000)
  to   space 82944K, 0% used [0x000000077ef80000,0x000000077ef80000,0x0000000784080000)
 ParOldGen       total 290304K, used 290275K [0x00000006c0000000, 0x00000006d1b80000, 0x000000076ab00000)
  object space 290304K, 99% used [0x00000006c0000000,0x00000006d1b78e30,0x00000006d1b80000)
 Metaspace       used 6286K, capacity 7128K, committed 7424K, reserved 1056768K
  class space    used 621K, capacity 656K, committed 768K, reserved 1048576K
}
Event: 33.725 GC heap before
{Heap before GC invocations=43 (full 4):
 PSYoungGen      total 313856K, used 59008K [0x000000076ab00000, 0x0000000784080000, 0x00000007c0000000)
  eden space 238080K, 0% used [0x000000076ab00000,0x000000076ab00000,0x0000000779380000)
  from space 75776K, 77% used [0x0000000779380000,0x000000077cd20238,0x000000077dd80000)
  to   space 82944K, 0% used [0x000000077ef80000,0x000000077ef80000,0x0000000784080000)
 ParOldGen       total 290304K, used 290275K [0x00000006c0000000, 0x00000006d1b80000, 0x000000076ab00000)
  object space 290304K, 99% used [0x00000006c0000000,0x00000006d1b78e30,0x00000006d1b80000)
 Metaspace       used 6286K, capacity 7128K, committed 7424K, reserved 1056768K
  class space    used 621K, capacity 656K, committed 768K, reserved 1048576K

Deoptimization events (10 events):
Event: 26.561 Thread 0x000000001ed4f000 Uncommon trap: reason=class_check action=maybe_recompile pc=0x00000000034f7844 method=com.android.dx.cf.code.Simulator$SimVisitor.visitNoArgs(IIILcom/android/dx/rop/type/Type;)V @ 1182
Event: 26.561 Thread 0x000000001ed4f000 Uncommon trap: reason=class_check action=maybe_recompile pc=0x00000000034f7ca8 method=com.android.dx.cf.code.Simulator$SimVisitor.visitNoArgs(IIILcom/android/dx/rop/type/Type;)V @ 910
Event: 27.064 Thread 0x000000001ed4f000 Uncommon trap: reason=class_check action=maybe_recompile pc=0x0000000003040aac method=com.android.dx.cf.code.Simulator$SimVisitor.visitNoArgs(IIILcom/android/dx/rop/type/Type;)V @ 1098
Event: 27.076 Thread 0x000000001ed4f000 Uncommon trap: reason=class_check action=maybe_recompile pc=0x0000000003040aac method=com.android.dx.cf.code.Simulator$SimVisitor.visitNoArgs(IIILcom/android/dx/rop/type/Type;)V @ 1098
Event: 27.588 Thread 0x000000001ebd6000 Uncommon trap: reason=class_check action=maybe_recompile pc=0x0000000003887a4c method=com.android.dx.cf.code.Simulator$SimVisitor.visitNoArgs(IIILcom/android/dx/rop/type/Type;)V @ 2082
Event: 27.597 Thread 0x000000001ed4c000 Uncommon trap: reason=class_check action=maybe_recompile pc=0x0000000003887a4c method=com.android.dx.cf.code.Simulator$SimVisitor.visitNoArgs(IIILcom/android/dx/rop/type/Type;)V @ 2082
Event: 32.486 Thread 0x000000000026e800 Uncommon trap: reason=class_check action=maybe_recompile pc=0x000000000389ed4c method=com.android.dx.cf.code.Simulator$SimVisitor.visitNoArgs(IIILcom/android/dx/rop/type/Type;)V @ 1440
Event: 32.973 Thread 0x000000001ebd6000 Uncommon trap: reason=class_check action=maybe_recompile pc=0x000000000389ed4c method=com.android.dx.cf.code.Simulator$SimVisitor.visitNoArgs(IIILcom/android/dx/rop/type/Type;)V @ 1440
Event: 33.264 Thread 0x000000001ed4f000 Uncommon trap: reason=bimorphic action=maybe_recompile pc=0x00000000033eb4b8 method=com.android.dx.cf.code.BytecodeArray.parseInstruction(ILcom/android/dx/cf/code/BytecodeArray$Visitor;)I @ 1067
Event: 33.265 Thread 0x000000001ed4f000 Uncommon trap: reason=bimorphic action=maybe_recompile pc=0x00000000033eb4b8 method=com.android.dx.cf.code.BytecodeArray.parseInstruction(ILcom/android/dx/cf/code/BytecodeArray$Visitor;)I @ 1067

Internal exceptions (10 events):
Event: 4.152 Thread 0x000000001ed4d000 Implicit null exception at 0x00000000032efca3 to 0x00000000032efe19
Event: 4.153 Thread 0x000000001ed4d000 Implicit null exception at 0x000000000333a352 to 0x000000000333b709
Event: 4.472 Thread 0x000000001ed4d000 Exception <a 'java/security/PrivilegedActionException'> (0x000000076c26c670) thrown at [C:\re\workspace\8-2-build-windows-amd64-cygwin\jdk8u11\648\hotspot\src\share\vm\prims\jvm.cpp, line 1248]
Event: 8.279 Thread 0x000000000026e800 Implicit null exception at 0x00000000036467d0 to 0x000000000364bbb1
Event: 13.554 Thread 0x000000001ebd6000 Exception <a 'java/security/PrivilegedActionException'> (0x0000000770ba82d0) thrown at [C:\re\workspace\8-2-build-windows-amd64-cygwin\jdk8u11\648\hotspot\src\share\vm\prims\jvm.cpp, line 1248]
Event: 13.590 Thread 0x000000000026e800 Exception <a 'java/security/PrivilegedActionException'> (0x0000000772ec7ee8) thrown at [C:\re\workspace\8-2-build-windows-amd64-cygwin\jdk8u11\648\hotspot\src\share\vm\prims\jvm.cpp, line 1248]
Event: 13.595 Thread 0x000000000026e800 Implicit null exception at 0x0000000002f187fa to 0x0000000002f18da9
Event: 14.061 Thread 0x000000000026e800 Exception <a 'java/security/PrivilegedActionException'> (0x0000000771e2e708) thrown at [C:\re\workspace\8-2-build-windows-amd64-cygwin\jdk8u11\648\hotspot\src\share\vm\prims\jvm.cpp, line 1248]
Event: 19.326 Thread 0x000000001ebd6000 Implicit null exception at 0x00000000037acc9f to 0x00000000037adb89
Event: 20.109 Thread 0x000000000026e800 Exception <a 'java/security/PrivilegedActionException'> (0x0000000775a4def8) thrown at [C:\re\workspace\8-2-build-windows-amd64-cygwin\jdk8u11\648\hotspot\src\share\vm\prims\jvm.cpp, line 1248]

Events (10 events):
Event: 32.973 Thread 0x000000001ebd6000 DEOPT UNPACKING pc=0x0000000002dd55af sp=0x00000000202cec78 mode 2
Event: 33.184 Thread 0x000000001ed4f000 DEOPT PACKING pc=0x00000000035ad8ac sp=0x00000000208af1d0
Event: 33.184 Thread 0x000000001ed4f000 DEOPT UNPACKING pc=0x0000000002dd7604 sp=0x00000000208aefb0 mode 0
Event: 33.264 Thread 0x000000001ed4f000 Uncommon trap: trap_request=0xffffffc6 fr.pc=0x00000000033eb4b8
Event: 33.264 Thread 0x000000001ed4f000 DEOPT PACKING pc=0x00000000033eb4b8 sp=0x00000000208aeab0
Event: 33.264 Thread 0x000000001ed4f000 DEOPT UNPACKING pc=0x0000000002dd55af sp=0x00000000208aea20 mode 2
Event: 33.265 Thread 0x000000001ed4f000 Uncommon trap: trap_request=0xffffffc6 fr.pc=0x00000000033eb4b8
Event: 33.265 Thread 0x000000001ed4f000 DEOPT PACKING pc=0x00000000033eb4b8 sp=0x00000000208aeb20
Event: 33.265 Thread 0x000000001ed4f000 DEOPT UNPACKING pc=0x0000000002dd55af sp=0x00000000208aea90 mode 2
Event: 33.312 Executing VM operation: ParallelGCFailedAllocation


Dynamic libraries:
0x000000013f9f0000 - 0x000000013fa24000 	C:\Program Files\Java\jdk1.8.0_11\bin\java.exe
0x0000000077050000 - 0x00000000771fa000 	C:\Windows\SYSTEM32\ntdll.dll
0x0000000076f30000 - 0x000000007704f000 	C:\Windows\system32\kernel32.dll
0x000007fefcdc0000 - 0x000007fefce2a000 	C:\Windows\system32\KERNELBASE.dll
0x000007fefa210000 - 0x000007fefa294000 	C:\Windows\system32\tmumh\20019\AddOn\6.80.0.1007\TmUmEvt64.dll
0x0000000077220000 - 0x0000000077227000 	C:\Windows\system32\PSAPI.DLL
0x000007fefe930000 - 0x000007fefe9a1000 	C:\Windows\system32\SHLWAPI.dll
0x000007feff280000 - 0x000007feff2e7000 	C:\Windows\system32\GDI32.dll
0x0000000076e30000 - 0x0000000076f2a000 	C:\Windows\system32\USER32.dll
0x000007fefdf60000 - 0x000007fefdf6e000 	C:\Windows\system32\LPK.dll
0x000007fefe9b0000 - 0x000007fefea7a000 	C:\Windows\system32\USP10.dll
0x000007fefe390000 - 0x000007fefe42f000 	C:\Windows\system32\msvcrt.dll
0x000007fefe1e0000 - 0x000007fefe2bb000 	C:\Windows\system32\ADVAPI32.dll
0x000007fefe510000 - 0x000007fefe52f000 	C:\Windows\SYSTEM32\sechost.dll
0x000007fefe800000 - 0x000007fefe92d000 	C:\Windows\system32\RPCRT4.dll
0x00000000749d0000 - 0x0000000074aee000 	C:\Windows\system32\tmumh\20019\TmMon\1.6.0.1163\tmmon64.dll
0x000007fefe2c0000 - 0x000007fefe2ee000 	C:\Windows\system32\IMM32.DLL
0x000007feff0d0000 - 0x000007feff1d9000 	C:\Windows\system32\MSCTF.dll
0x000007fefb780000 - 0x000007fefb974000 	C:\Windows\WinSxS\amd64_microsoft.windows.common-controls_6595b64144ccf1df_6.0.7601.18837_none_fa3b1e3d17594757\COMCTL32.dll
0x00000000555b0000 - 0x0000000055682000 	C:\Program Files\Java\jdk1.8.0_11\jre\bin\msvcr100.dll
0x0000000053de0000 - 0x000000005460a000 	C:\Program Files\Java\jdk1.8.0_11\jre\bin\server\jvm.dll
0x000007fef7c80000 - 0x000007fef7c89000 	C:\Windows\system32\WSOCK32.dll
0x000007feff2f0000 - 0x000007feff33d000 	C:\Windows\system32\WS2_32.dll
0x000007fefd1c0000 - 0x000007fefd1c8000 	C:\Windows\system32\NSI.dll
0x000007fefa830000 - 0x000007fefa86b000 	C:\Windows\system32\WINMM.dll
0x000000005ec20000 - 0x000000005ec2f000 	C:\Program Files\Java\jdk1.8.0_11\jre\bin\verify.dll
0x000000005eae0000 - 0x000000005eb08000 	C:\Program Files\Java\jdk1.8.0_11\jre\bin\java.dll
0x000000005eac0000 - 0x000000005ead6000 	C:\Program Files\Java\jdk1.8.0_11\jre\bin\zip.dll
0x000007fefd1d0000 - 0x000007fefdf5a000 	C:\Windows\system32\SHELL32.dll
0x000000001d960000 - 0x000000001db63000 	C:\Windows\system32\ole32.dll
0x000007fefcd90000 - 0x000007fefcd9f000 	C:\Windows\system32\profapi.dll
0x000007fef6490000 - 0x000007fef65b5000 	C:\Windows\system32\dbghelp.dll

VM Arguments:
jvm_args: -Djava.awt.headless=true -Xmx4g -Dfile.encoding=x-windows-950 -Duser.country=TW -Duser.language=zh -Duser.variant 
java_command: com.android.dx.command.Main --dex --num-threads=4 --multi-dex --main-dex-list D:\Android Studio\AndroidStudioProjects\Gmap\app\build\intermediates\multi-dex\debug\maindexlist.txt --output D:\Android Studio\AndroidStudioProjects\Gmap\app\build\intermediates\transforms\dex\debug\folders\1000\1f\main D:\Android Studio\AndroidStudioProjects\Gmap\app\build\intermediates\transforms\jarMerging\debug\jars\1\1f\combined.jar
java_class_path (initial): D:\adt-bundle-windows-x86_64-20140702\sdk\build-tools\24.0.0\lib\dx.jar
Launcher Type: SUN_STANDARD

Environment Variables:
PATH=C:\ProgramData\Oracle\Java\javapath;C:\Program Files (x86)\Intel\iCLS Client\;C:\Program Files\Intel\iCLS Client\;C:\Program Files\Common Files\Microsoft Shared\Windows Live;C:\Program Files (x86)\Common Files\Microsoft Shared\Windows Live;C:\Windows\system32;C:\Windows;C:\Windows\System32\Wbem;C:\Windows\System32\WindowsPowerShell\v1.0\;C:\Program Files (x86)\Windows Live\Shared;C:\Program Files (x86)\Intel\OpenCL SDK\2.0\bin\x86;C:\Program Files (x86)\Intel\OpenCL SDK\2.0\bin\x64;C:\Program Files\Intel\Intel(R) Management Engine Components\DAL;C:\Program Files\Intel\Intel(R) Management Engine Components\IPT;C:\Program Files (x86)\Intel\Intel(R) Management Engine Components\DAL;C:\Program Files (x86)\Intel\Intel(R) Management Engine Components\IPT;C:\Program Files\Intel\WiFi\bin\;C:\Program Files\Common Files\Intel\WirelessCommon\;C:\Program Files (x86)\Git\cmd;C:\Program Files (x86)\Skype\Phone\
USERNAME=03070048
OS=Windows_NT
PROCESSOR_IDENTIFIER=Intel64 Family 6 Model 58 Stepping 9, GenuineIntel



---------------  S Y S T E M  ---------------

OS: Windows 7 , 64 bit Build 7601 Service Pack 1

CPU:total 4 (2 cores per cpu, 2 threads per core) family 6 model 58 stepping 9, cmov, cx8, fxsr, mmx, sse, sse2, sse3, ssse3, sse4.1, sse4.2, popcnt, avx, aes, clmul, erms, ht, tsc, tscinvbit

Memory: 4k page, physical 12456536k(5284532k free), swap 24911212k(16836652k free)

vm_info: Java HotSpot(TM) 64-Bit Server VM (25.11-b03) for windows-amd64 JRE (1.8.0_11-b12), built on Jun 16 2014 20:57:32 by "java_re" with MS VC++ 10.0 (VS2010)

time: Tue Dec 13 12:31:39 2016
elapsed time: 33 seconds

