#
# A fatal error has been detected by the Java Runtime Environment:
#
#  EXCEPTION_ACCESS_VIOLATION (0xc0000005) at pc=0x0000000053e7f510, pid=9068, tid=8236
#
# JRE version: Java(TM) SE Runtime Environment (8.0_11-b12) (build 1.8.0_11-b12)
# Java VM: Java HotSpot(TM) 64-Bit Server VM (25.11-b03 mixed mode windows-amd64 compressed oops)
# Problematic frame:
# V  [jvm.dll+0x9f510]
#
# Failed to write core dump. Minidumps are not enabled by default on client versions of Windows
#
# If you would like to submit a bug report, please visit:
#   http://bugreport.sun.com/bugreport/crash.jsp
#

---------------  T H R E A D  ---------------

Current thread (0x00000000023dd000):  GCTaskThread [stack: 0x0000000002810000,0x0000000002910000] [id=8236]

siginfo: ExceptionCode=0xc0000005, reading address 0x0000000000000148

Registers:
RAX=0x0000000000000000, RBX=0x00000007c007b850, RCX=0x00000007c007b850, RDX=0x0000000000000140
RSP=0x000000000290f888, RBP=0x00000000123b6301, RSI=0x000000001c3d3180, RDI=0x00000006c8c5c808
R8 =0x000000001c3d3180, R9 =0x00000007c007b850, R10=0x000000000000000c, R11=0x000000000000000c
R12=0x00000000123b62e2, R13=0x000000005439d448, R14=0x0000000000000000, R15=0x00000000023d5a30
RIP=0x0000000053e7f510, EFLAGS=0x0000000000010202

Top of Stack: (sp=0x000000000290f888)
0x000000000290f888:   00000000541b0b42 0000000792af9d10
0x000000000290f898:   000000001c3d3180 000000001c3d3180
0x000000000290f8a8:   0000000798f1cda5 000000077f1b0b38
0x000000000290f8b8:   0000000000001000 00000006e21befa0
0x000000000290f8c8:   0000000000000400 0000000000000000
0x000000000290f8d8:   000000001c3d3100 00000000123b62e2
0x000000000290f8e8:   00000000541b10d0 000000077f1b5248
0x000000000290f8f8:   00000000123b6301 000000001c3d3180
0x000000000290f908:   00000006c8c5c808 000000077f1b5248
0x000000000290f918:   00000000541b1a85 0000000792a448a0
0x000000000290f928:   00000000123b6301 000000001c3d3180
0x000000000290f938:   000000001c3d3180 000000001c3d3180
0x000000000290f948:   000007fefcdc10ac 0000000700000000
0x000000000290f958:   0000000053ee23c7 000000001c3d3180
0x000000000290f968:   0000000053edfe43 00000006c709ad69
0x000000000290f978:   00000006c709ad69 00000006c8c5c610 

Instructions: (pc=0x0000000053e7f510)
0x0000000053e7f4f0:   05 d3 af 70 00 eb 9a 48 8b 5c 24 30 48 8b 74 24
0x0000000053e7f500:   38 48 8b 7c 24 20 48 83 c4 28 c3 cc cc cc cc cc
0x0000000053e7f510:   44 8b 42 08 4c 8b ca 45 85 c0 7e 0e 41 f6 c0 01
0x0000000053e7f520:   75 57 41 c1 f8 03 41 8b c0 c3 79 4d 80 3d c6 8d 


Register to memory mapping:

RAX=0x0000000000000000 is an unknown value
RBX=0x00000007c007b850 is an unknown value
RCX=0x00000007c007b850 is an unknown value
RDX=0x0000000000000140 is an unknown value
RSP=0x000000000290f888 is an unknown value
RBP=0x00000000123b6301 is an unknown value
RSI=0x000000001c3d3180 is an unknown value
RDI=0x00000006c8c5c808 is an oop
com.android.dx.rop.cst.CstString 
 - klass: 'com/android/dx/rop/cst/CstString'
R8 =0x000000001c3d3180 is an unknown value
R9 =0x00000007c007b850 is an unknown value
R10=0x000000000000000c is an unknown value
R11=0x000000000000000c is an unknown value
R12=0x00000000123b62e2 is an unknown value
R13=0x000000005439d448 is an unknown value
R14=0x0000000000000000 is an unknown value
R15=0x00000000023d5a30 is an unknown value


Stack: [0x0000000002810000,0x0000000002910000],  sp=0x000000000290f888,  free space=1022k
Native frames: (J=compiled Java code, j=interpreted, Vv=VM code, C=native code)
V  [jvm.dll+0x9f510]


---------------  P R O C E S S  ---------------

Java Threads: ( => current thread )
  0x000000002233f800 JavaThread "pool-1-thread-1" [_thread_blocked, id=9424, stack(0x0000000021870000,0x0000000021970000)]
  0x000000001eeca800 JavaThread "pool-2-thread-4" [_thread_blocked, id=4348, stack(0x0000000020770000,0x0000000020870000)]
  0x000000001edf5000 JavaThread "pool-2-thread-3" [_thread_blocked, id=9072, stack(0x00000000025f0000,0x00000000026f0000)]
  0x000000001edf2800 JavaThread "pool-2-thread-2" [_thread_blocked, id=6920, stack(0x00000000201e0000,0x00000000202e0000)]
  0x000000001de81800 JavaThread "pool-3-thread-1" [_thread_blocked, id=6640, stack(0x0000000020500000,0x0000000020600000)]
  0x000000001de80800 JavaThread "pool-2-thread-1" [_thread_blocked, id=9088, stack(0x00000000202e0000,0x00000000203e0000)]
  0x000000001dbb6800 JavaThread "Service Thread" daemon [_thread_blocked, id=9148, stack(0x000000001e220000,0x000000001e320000)]
  0x000000001db72000 JavaThread "C1 CompilerThread2" daemon [_thread_blocked, id=8632, stack(0x000000001e6d0000,0x000000001e7d0000)]
  0x000000001db65800 JavaThread "C2 CompilerThread1" daemon [_thread_blocked, id=6728, stack(0x000000001e4d0000,0x000000001e5d0000)]
  0x000000001db28800 JavaThread "C2 CompilerThread0" daemon [_thread_blocked, id=6164, stack(0x000000001e320000,0x000000001e420000)]
  0x000000001db1d000 JavaThread "Attach Listener" daemon [_thread_blocked, id=10008, stack(0x000000001e120000,0x000000001e220000)]
  0x000000001db1a000 JavaThread "Signal Dispatcher" daemon [_thread_blocked, id=10028, stack(0x000000001df50000,0x000000001e050000)]
  0x000000001c3e8800 JavaThread "Finalizer" daemon [_thread_blocked, id=9268, stack(0x000000001d800000,0x000000001d900000)]
  0x000000001c3dd800 JavaThread "Reference Handler" daemon [_thread_blocked, id=7316, stack(0x000000001d610000,0x000000001d710000)]
  0x0000000001bee000 JavaThread "main" [_thread_blocked, id=7984, stack(0x0000000002eb0000,0x0000000002fb0000)]

Other Threads:
  0x000000001c3d6000 VMThread [stack: 0x000000001d470000,0x000000001d570000] [id=8648]
  0x000000001dbbc000 WatcherThread [stack: 0x000000001e890000,0x000000001e990000] [id=8492]

=>0x00000000023dd000 (exited) GCTaskThread [stack: 0x0000000002810000,0x0000000002910000] [id=8236]

VM state:at safepoint (normal execution)

VM Mutex/Monitor currently owned by a thread:  ([mutex/lock_event])
[0x0000000001bec680] Threads_lock - owner thread: 0x000000001c3d6000
[0x0000000001becb80] Heap_lock - owner thread: 0x000000001eeca800

Heap:
 PSYoungGen      total 505344K, used 505332K [0x000000076ab00000, 0x000000079ef00000, 0x00000007c0000000)
  eden space 269312K, 100% used [0x000000076ab00000,0x000000077b200000,0x000000077b200000)
  from space 236032K, 99% used [0x000000078be00000,0x000000079a47d148,0x000000079a480000)
  to   space 274432K, 99% used [0x000000077b200000,0x000000078bdfc868,0x000000078be00000)
 ParOldGen       total 644096K, used 573900K [0x00000006c0000000, 0x00000006e7500000, 0x000000076ab00000)
  object space 644096K, 89% used [0x00000006c0000000,0x00000006e3073350,0x00000006e7500000)
 Metaspace       used 6632K, capacity 7416K, committed 7680K, reserved 1056768K
  class space    used 640K, capacity 688K, committed 768K, reserved 1048576K

Card table byte_map: [0x0000000012370000,0x0000000012b80000] byte_map_base: 0x000000000ed70000

Marking Bits: (ParMarkBitMap*) 0x00000000545912b0
 Begin Bits: [0x0000000013250000, 0x0000000017250000)
 End Bits:   [0x0000000017250000, 0x000000001b250000)

Polling page: 0x0000000000240000

CodeCache: size=245760Kb used=13633Kb max_used=14091Kb free=232126Kb
 bounds [0x0000000002fb0000, 0x0000000003d90000, 0x0000000011fb0000]
 total_blobs=3306 nmethods=3038 adapters=181
 compilation: enabled

Compilation events (10 events):
Event: 72.115 Thread 0x000000001db72000 4103       1       com.android.dx.dex.code.form.Form20t::codeSize (2 bytes)
Event: 72.116 Thread 0x000000001db72000 nmethod 4103 0x000000000370d710 code [0x000000000370d860, 0x000000000370d970]
Event: 72.220 Thread 0x000000001db72000 4104       3       java.util.HashMap$TreeNode::split (218 bytes)
Event: 72.221 Thread 0x000000001db28800 4106       4       com.android.dx.rop.code.RegisterSpec::compareTo (9 bytes)
Event: 72.222 Thread 0x000000001db72000 nmethod 4104 0x000000000332e250 code [0x000000000332e480, 0x000000000332f3b8]
Event: 72.222 Thread 0x000000001db72000 4105       3       java.util.HashMap::replacementNode (21 bytes)
Event: 72.222 Thread 0x000000001db72000 nmethod 4105 0x00000000032a0790 code [0x00000000032a0900, 0x00000000032a0bb0]
Event: 72.224 Thread 0x000000001db28800 nmethod 4106 0x000000000332ad90 code [0x000000000332aee0, 0x000000000332b138]
Event: 72.242 Thread 0x000000001db72000 4107       3       com.android.dx.dex.code.OutputFinisher::addReservedParameters (16 bytes)
Event: 72.242 Thread 0x000000001db72000 nmethod 4107 0x000000000332a990 code [0x000000000332ab00, 0x000000000332aca8]

GC Heap History (10 events):
Event: 63.273 GC heap after
Heap after GC invocations=49 (full 9):
 PSYoungGen      total 473088K, used 115181K [0x000000076ab00000, 0x0000000793880000, 0x00000007c0000000)
  eden space 296960K, 0% used [0x000000076ab00000,0x000000076ab00000,0x000000077cd00000)
  from space 176128K, 65% used [0x0000000787f00000,0x000000078ef7b4b8,0x0000000792b00000)
  to   space 182272K, 0% used [0x000000077cd00000,0x000000077cd00000,0x0000000787f00000)
 ParOldGen       total 644096K, used 551323K [0x00000006c0000000, 0x00000006e7500000, 0x000000076ab00000)
  object space 644096K, 85% used [0x00000006c0000000,0x00000006e1a66fe8,0x00000006e7500000)
 Metaspace       used 6302K, capacity 7128K, committed 7424K, reserved 1056768K
  class space    used 621K, capacity 656K, committed 768K, reserved 1048576K
}
Event: 64.045 GC heap before
{Heap before GC invocations=50 (full 9):
 PSYoungGen      total 473088K, used 412141K [0x000000076ab00000, 0x0000000793880000, 0x00000007c0000000)
  eden space 296960K, 100% used [0x000000076ab00000,0x000000077cd00000,0x000000077cd00000)
  from space 176128K, 65% used [0x0000000787f00000,0x000000078ef7b4b8,0x0000000792b00000)
  to   space 182272K, 0% used [0x000000077cd00000,0x000000077cd00000,0x0000000787f00000)
 ParOldGen       total 644096K, used 551323K [0x00000006c0000000, 0x00000006e7500000, 0x000000076ab00000)
  object space 644096K, 85% used [0x00000006c0000000,0x00000006e1a66fe8,0x00000006e7500000)
 Metaspace       used 6302K, capacity 7128K, committed 7424K, reserved 1056768K
  class space    used 621K, capacity 656K, committed 768K, reserved 1048576K
Event: 64.247 GC heap after
Heap after GC invocations=50 (full 9):
 PSYoungGen      total 479232K, used 110573K [0x000000076ab00000, 0x0000000794200000, 0x00000007c0000000)
  eden space 296960K, 0% used [0x000000076ab00000,0x000000076ab00000,0x000000077cd00000)
  from space 182272K, 60% used [0x000000077cd00000,0x00000007838fb7e8,0x0000000787f00000)
  to   space 184832K, 0% used [0x0000000788d80000,0x0000000788d80000,0x0000000794200000)
 ParOldGen       total 644096K, used 551323K [0x00000006c0000000, 0x00000006e7500000, 0x000000076ab00000)
  object space 644096K, 85% used [0x00000006c0000000,0x00000006e1a66fe8,0x00000006e7500000)
 Metaspace       used 6302K, capacity 7128K, committed 7424K, reserved 1056768K
  class space    used 621K, capacity 656K, committed 768K, reserved 1048576K
}
Event: 64.860 GC heap before
{Heap before GC invocations=51 (full 9):
 PSYoungGen      total 479232K, used 407533K [0x000000076ab00000, 0x0000000794200000, 0x00000007c0000000)
  eden space 296960K, 100% used [0x000000076ab00000,0x000000077cd00000,0x000000077cd00000)
  from space 182272K, 60% used [0x000000077cd00000,0x00000007838fb7e8,0x0000000787f00000)
  to   space 184832K, 0% used [0x0000000788d80000,0x0000000788d80000,0x0000000794200000)
 ParOldGen       total 644096K, used 551323K [0x00000006c0000000, 0x00000006e7500000, 0x000000076ab00000)
  object space 644096K, 85% used [0x00000006c0000000,0x00000006e1a66fe8,0x00000006e7500000)
 Metaspace       used 6302K, capacity 7128K, committed 7424K, reserved 1056768K
  class space    used 621K, capacity 656K, committed 768K, reserved 1048576K
Event: 65.117 GC heap after
Heap after GC invocations=51 (full 9):
 PSYoungGen      total 474624K, used 158692K [0x000000076ab00000, 0x0000000796a80000, 0x00000007c0000000)
  eden space 289792K, 0% used [0x000000076ab00000,0x000000076ab00000,0x000000077c600000)
  from space 184832K, 85% used [0x0000000788d80000,0x00000007928790b0,0x0000000794200000)
  to   space 204288K, 0% used [0x000000077c600000,0x000000077c600000,0x0000000788d80000)
 ParOldGen       total 644096K, used 551323K [0x00000006c0000000, 0x00000006e7500000, 0x000000076ab00000)
  object space 644096K, 85% used [0x00000006c0000000,0x00000006e1a66fe8,0x00000006e7500000)
 Metaspace       used 6302K, capacity 7128K, committed 7424K, reserved 1056768K
  class space    used 621K, capacity 656K, committed 768K, reserved 1048576K
}
Event: 65.624 GC heap before
{Heap before GC invocations=52 (full 9):
 PSYoungGen      total 474624K, used 448484K [0x000000076ab00000, 0x0000000796a80000, 0x00000007c0000000)
  eden space 289792K, 100% used [0x000000076ab00000,0x000000077c600000,0x000000077c600000)
  from space 184832K, 85% used [0x0000000788d80000,0x00000007928790b0,0x0000000794200000)
  to   space 204288K, 0% used [0x000000077c600000,0x000000077c600000,0x0000000788d80000)
 ParOldGen       total 644096K, used 551323K [0x00000006c0000000, 0x00000006e7500000, 0x000000076ab00000)
  object space 644096K, 85% used [0x00000006c0000000,0x00000006e1a66fe8,0x00000006e7500000)
 Metaspace       used 6302K, capacity 7128K, committed 7424K, reserved 1056768K
  class space    used 621K, capacity 656K, committed 768K, reserved 1048576K
Event: 66.003 GC heap after
Heap after GC invocations=52 (full 9):
 PSYoungGen      total 494080K, used 203194K [0x000000076ab00000, 0x000000079a480000, 0x00000007c0000000)
  eden space 289792K, 0% used [0x000000076ab00000,0x000000076ab00000,0x000000077c600000)
  from space 204288K, 99% used [0x000000077c600000,0x0000000788c6e8a0,0x0000000788d80000)
  to   space 236032K, 0% used [0x000000078be00000,0x000000078be00000,0x000000079a480000)
 ParOldGen       total 644096K, used 551323K [0x00000006c0000000, 0x00000006e7500000, 0x000000076ab00000)
  object space 644096K, 85% used [0x00000006c0000000,0x00000006e1a66fe8,0x00000006e7500000)
 Metaspace       used 6302K, capacity 7128K, committed 7424K, reserved 1056768K
  class space    used 621K, capacity 656K, committed 768K, reserved 1048576K
}
Event: 68.184 GC heap before
{Heap before GC invocations=53 (full 9):
 PSYoungGen      total 494080K, used 492986K [0x000000076ab00000, 0x000000079a480000, 0x00000007c0000000)
  eden space 289792K, 100% used [0x000000076ab00000,0x000000077c600000,0x000000077c600000)
  from space 204288K, 99% used [0x000000077c600000,0x0000000788c6e8a0,0x0000000788d80000)
  to   space 236032K, 0% used [0x000000078be00000,0x000000078be00000,0x000000079a480000)
 ParOldGen       total 644096K, used 551323K [0x00000006c0000000, 0x00000006e7500000, 0x000000076ab00000)
  object space 644096K, 85% used [0x00000006c0000000,0x00000006e1a66fe8,0x00000006e7500000)
 Metaspace       used 6394K, capacity 7192K, committed 7424K, reserved 1056768K
  class space    used 627K, capacity 656K, committed 768K, reserved 1048576K
Event: 68.723 GC heap after
Heap after GC invocations=53 (full 9):
 PSYoungGen      total 505344K, used 236020K [0x000000076ab00000, 0x000000079ef00000, 0x00000007c0000000)
  eden space 269312K, 0% used [0x000000076ab00000,0x000000076ab00000,0x000000077b200000)
  from space 236032K, 99% used [0x000000078be00000,0x000000079a47d148,0x000000079a480000)
  to   space 274432K, 0% used [0x000000077b200000,0x000000077b200000,0x000000078be00000)
 ParOldGen       total 644096K, used 554191K [0x00000006c0000000, 0x00000006e7500000, 0x000000076ab00000)
  object space 644096K, 86% used [0x00000006c0000000,0x00000006e1d33d08,0x00000006e7500000)
 Metaspace       used 6394K, capacity 7192K, committed 7424K, reserved 1056768K
  class space    used 627K, capacity 656K, committed 768K, reserved 1048576K
}
Event: 72.304 GC heap before
{Heap before GC invocations=54 (full 9):
 PSYoungGen      total 505344K, used 505332K [0x000000076ab00000, 0x000000079ef00000, 0x00000007c0000000)
  eden space 269312K, 100% used [0x000000076ab00000,0x000000077b200000,0x000000077b200000)
  from space 236032K, 99% used [0x000000078be00000,0x000000079a47d148,0x000000079a480000)
  to   space 274432K, 0% used [0x000000077b200000,0x000000077b200000,0x000000078be00000)
 ParOldGen       total 644096K, used 554191K [0x00000006c0000000, 0x00000006e7500000, 0x000000076ab00000)
  object space 644096K, 86% used [0x00000006c0000000,0x00000006e1d33d08,0x00000006e7500000)
 Metaspace       used 6632K, capacity 7416K, committed 7680K, reserved 1056768K
  class space    used 640K, capacity 688K, committed 768K, reserved 1048576K

Deoptimization events (10 events):
Event: 70.235 Thread 0x000000002233f800 Uncommon trap: reason=array_check action=maybe_recompile pc=0x0000000003b50abc method=java.util.ComparableTimSort.binarySort([Ljava/lang/Object;III)V @ 193
Event: 70.255 Thread 0x000000002233f800 Uncommon trap: reason=array_check action=maybe_recompile pc=0x0000000003b50abc method=java.util.ComparableTimSort.binarySort([Ljava/lang/Object;III)V @ 193
Event: 70.266 Thread 0x000000002233f800 Uncommon trap: reason=array_check action=maybe_recompile pc=0x00000000039ba578 method=java.util.ComparableTimSort.binarySort([Ljava/lang/Object;III)V @ 183
Event: 70.281 Thread 0x000000002233f800 Uncommon trap: reason=array_check action=maybe_recompile pc=0x00000000039ba4b0 method=java.util.ComparableTimSort.binarySort([Ljava/lang/Object;III)V @ 193
Event: 70.438 Thread 0x000000002233f800 Uncommon trap: reason=unreached action=reinterpret pc=0x0000000003b5c68c method=com.android.dx.dex.code.LocalList$MakeState.filterSpec(Lcom/android/dx/rop/code/RegisterSpec;)Lcom/android/dx/rop/code/RegisterSpec; @ 11
Event: 70.438 Thread 0x000000002233f800 Uncommon trap: reason=unreached action=reinterpret pc=0x00000000033f18f0 method=com.android.dx.dex.code.LocalList$MakeState.filterSpec(Lcom/android/dx/rop/code/RegisterSpec;)Lcom/android/dx/rop/code/RegisterSpec; @ 11
Event: 70.565 Thread 0x000000002233f800 Uncommon trap: reason=array_check action=maybe_recompile pc=0x0000000003865c6c method=java.util.ComparableTimSort.binarySort([Ljava/lang/Object;III)V @ 215
Event: 70.587 Thread 0x000000002233f800 Uncommon trap: reason=array_check action=maybe_recompile pc=0x0000000003865804 method=java.util.ComparableTimSort.binarySort([Ljava/lang/Object;III)V @ 215
Event: 70.806 Thread 0x000000002233f800 Uncommon trap: reason=array_check action=maybe_recompile pc=0x0000000003a6055c method=java.util.ComparableTimSort.binarySort([Ljava/lang/Object;III)V @ 193
Event: 71.035 Thread 0x000000002233f800 Uncommon trap: reason=null_check action=make_not_entrant pc=0x000000000345f96c method=com.android.dx.dex.code.LocalList$MakeState.checkForEmptyRange(ILcom/android/dx/rop/code/RegisterSpec;)Z @ 119

Internal exceptions (10 events):
Event: 69.590 Thread 0x000000002233f800 Exception <a 'java/security/PrivilegedActionException'> (0x000000076d1b5380) thrown at [C:\re\workspace\8-2-build-windows-amd64-cygwin\jdk8u11\648\hotspot\src\share\vm\prims\jvm.cpp, line 1248]
Event: 69.591 Thread 0x000000002233f800 Exception <a 'java/security/PrivilegedActionException'> (0x000000076d1b8358) thrown at [C:\re\workspace\8-2-build-windows-amd64-cygwin\jdk8u11\648\hotspot\src\share\vm\prims\jvm.cpp, line 1248]
Event: 69.592 Thread 0x000000002233f800 Exception <a 'java/security/PrivilegedActionException'> (0x000000076d1bd238) thrown at [C:\re\workspace\8-2-build-windows-amd64-cygwin\jdk8u11\648\hotspot\src\share\vm\prims\jvm.cpp, line 1248]
Event: 69.593 Thread 0x000000002233f800 Exception <a 'java/security/PrivilegedActionException'> (0x000000076d1c19a8) thrown at [C:\re\workspace\8-2-build-windows-amd64-cygwin\jdk8u11\648\hotspot\src\share\vm\prims\jvm.cpp, line 1248]
Event: 69.641 Thread 0x000000002233f800 Exception <a 'java/security/PrivilegedActionException'> (0x000000076d1ddd80) thrown at [C:\re\workspace\8-2-build-windows-amd64-cygwin\jdk8u11\648\hotspot\src\share\vm\prims\jvm.cpp, line 1248]
Event: 69.980 Thread 0x000000002233f800 Exception <a 'java/security/PrivilegedActionException'> (0x000000076e3f8980) thrown at [C:\re\workspace\8-2-build-windows-amd64-cygwin\jdk8u11\648\hotspot\src\share\vm\prims\jvm.cpp, line 1248]
Event: 69.982 Thread 0x000000002233f800 Exception <a 'java/security/PrivilegedActionException'> (0x000000076e3fc200) thrown at [C:\re\workspace\8-2-build-windows-amd64-cygwin\jdk8u11\648\hotspot\src\share\vm\prims\jvm.cpp, line 1248]
Event: 70.000 Thread 0x000000002233f800 Exception <a 'java/security/PrivilegedActionException'> (0x000000076e401760) thrown at [C:\re\workspace\8-2-build-windows-amd64-cygwin\jdk8u11\648\hotspot\src\share\vm\prims\jvm.cpp, line 1248]
Event: 70.830 Thread 0x000000002233f800 Exception <a 'java/security/PrivilegedActionException'> (0x000000076fbbe190) thrown at [C:\re\workspace\8-2-build-windows-amd64-cygwin\jdk8u11\648\hotspot\src\share\vm\prims\jvm.cpp, line 1248]
Event: 71.035 Thread 0x000000002233f800 Implicit null exception at 0x000000000345eb9c to 0x000000000345f94d

Events (10 events):
Event: 70.817 Thread 0x000000002233f800 DEOPT PACKING pc=0x00000000039bf0a9 sp=0x000000002196e980
Event: 70.817 Thread 0x000000002233f800 DEOPT UNPACKING pc=0x0000000002ff7604 sp=0x000000002196e6d0 mode 0
Event: 70.830 loading class com/android/dx/rop/code/RegisterSpecList$1
Event: 70.830 loading class com/android/dx/rop/code/RegisterSpecList$1 done
Event: 71.035 Thread 0x000000002233f800 Uncommon trap: trap_request=0xfffffff4 fr.pc=0x000000000345f96c
Event: 71.035 Thread 0x000000002233f800 DEOPT PACKING pc=0x000000000345f96c sp=0x000000002196e790
Event: 71.035 Thread 0x000000002233f800 DEOPT UNPACKING pc=0x0000000002ff55af sp=0x000000002196e620 mode 2
Event: 71.560 Thread 0x000000002233f800 DEOPT PACKING pc=0x0000000003723e7f sp=0x000000002196e8d0
Event: 71.560 Thread 0x000000002233f800 DEOPT UNPACKING pc=0x0000000002ff7604 sp=0x000000002196e6a8 mode 0
Event: 72.303 Executing VM operation: ParallelGCFailedAllocation


Dynamic libraries:
0x000000013f9f0000 - 0x000000013fa24000 	C:\Program Files\Java\jdk1.8.0_11\bin\java.exe
0x0000000077050000 - 0x00000000771fa000 	C:\Windows\SYSTEM32\ntdll.dll
0x0000000076f30000 - 0x000000007704f000 	C:\Windows\system32\kernel32.dll
0x000007fefcdc0000 - 0x000007fefce2a000 	C:\Windows\system32\KERNELBASE.dll
0x000007fefa210000 - 0x000007fefa294000 	C:\Windows\system32\tmumh\20019\AddOn\6.80.0.1007\TmUmEvt64.dll
0x0000000077220000 - 0x0000000077227000 	C:\Windows\system32\PSAPI.DLL
0x000007fefe930000 - 0x000007fefe9a1000 	C:\Windows\system32\SHLWAPI.dll
0x000007feff280000 - 0x000007feff2e7000 	C:\Windows\system32\GDI32.dll
0x0000000076e30000 - 0x0000000076f2a000 	C:\Windows\system32\USER32.dll
0x000007fefdf60000 - 0x000007fefdf6e000 	C:\Windows\system32\LPK.dll
0x000007fefe9b0000 - 0x000007fefea7a000 	C:\Windows\system32\USP10.dll
0x000007fefe390000 - 0x000007fefe42f000 	C:\Windows\system32\msvcrt.dll
0x000007fefe1e0000 - 0x000007fefe2bb000 	C:\Windows\system32\ADVAPI32.dll
0x000007fefe510000 - 0x000007fefe52f000 	C:\Windows\SYSTEM32\sechost.dll
0x000007fefe800000 - 0x000007fefe92d000 	C:\Windows\system32\RPCRT4.dll
0x00000000749d0000 - 0x0000000074aee000 	C:\Windows\system32\tmumh\20019\TmMon\1.6.0.1163\tmmon64.dll
0x000007fefe2c0000 - 0x000007fefe2ee000 	C:\Windows\system32\IMM32.DLL
0x000007feff0d0000 - 0x000007feff1d9000 	C:\Windows\system32\MSCTF.dll
0x000007fefb780000 - 0x000007fefb974000 	C:\Windows\WinSxS\amd64_microsoft.windows.common-controls_6595b64144ccf1df_6.0.7601.18837_none_fa3b1e3d17594757\COMCTL32.dll
0x00000000555b0000 - 0x0000000055682000 	C:\Program Files\Java\jdk1.8.0_11\jre\bin\msvcr100.dll
0x0000000053de0000 - 0x000000005460a000 	C:\Program Files\Java\jdk1.8.0_11\jre\bin\server\jvm.dll
0x000007fef7c80000 - 0x000007fef7c89000 	C:\Windows\system32\WSOCK32.dll
0x000007feff2f0000 - 0x000007feff33d000 	C:\Windows\system32\WS2_32.dll
0x000007fefd1c0000 - 0x000007fefd1c8000 	C:\Windows\system32\NSI.dll
0x000007fefa830000 - 0x000007fefa86b000 	C:\Windows\system32\WINMM.dll
0x000000005ec20000 - 0x000000005ec2f000 	C:\Program Files\Java\jdk1.8.0_11\jre\bin\verify.dll
0x000000005eae0000 - 0x000000005eb08000 	C:\Program Files\Java\jdk1.8.0_11\jre\bin\java.dll
0x000000005eac0000 - 0x000000005ead6000 	C:\Program Files\Java\jdk1.8.0_11\jre\bin\zip.dll
0x000007fefd1d0000 - 0x000007fefdf5a000 	C:\Windows\system32\SHELL32.dll
0x000000001d900000 - 0x000000001db03000 	C:\Windows\system32\ole32.dll
0x000007fefcd90000 - 0x000007fefcd9f000 	C:\Windows\system32\profapi.dll
0x000007fef6490000 - 0x000007fef65b5000 	C:\Windows\system32\dbghelp.dll

VM Arguments:
jvm_args: -Djava.awt.headless=true -Xmx4g -Dfile.encoding=x-windows-950 -Duser.country=TW -Duser.language=zh -Duser.variant 
java_command: com.android.dx.command.Main --dex --num-threads=4 --multi-dex --main-dex-list D:\Android Studio\AndroidStudioProjects\Gmap\app\build\intermediates\multi-dex\debug\maindexlist.txt --output D:\Android Studio\AndroidStudioProjects\Gmap\app\build\intermediates\transforms\dex\debug\folders\1000\1f\main D:\Android Studio\AndroidStudioProjects\Gmap\app\build\intermediates\transforms\jarMerging\debug\jars\1\1f\combined.jar
java_class_path (initial): D:\adt-bundle-windows-x86_64-20140702\sdk\build-tools\24.0.0\lib\dx.jar
Launcher Type: SUN_STANDARD

Environment Variables:
PATH=C:\ProgramData\Oracle\Java\javapath;C:\Program Files (x86)\Intel\iCLS Client\;C:\Program Files\Intel\iCLS Client\;C:\Program Files\Common Files\Microsoft Shared\Windows Live;C:\Program Files (x86)\Common Files\Microsoft Shared\Windows Live;C:\Windows\system32;C:\Windows;C:\Windows\System32\Wbem;C:\Windows\System32\WindowsPowerShell\v1.0\;C:\Program Files (x86)\Windows Live\Shared;C:\Program Files (x86)\Intel\OpenCL SDK\2.0\bin\x86;C:\Program Files (x86)\Intel\OpenCL SDK\2.0\bin\x64;C:\Program Files\Intel\Intel(R) Management Engine Components\DAL;C:\Program Files\Intel\Intel(R) Management Engine Components\IPT;C:\Program Files (x86)\Intel\Intel(R) Management Engine Components\DAL;C:\Program Files (x86)\Intel\Intel(R) Management Engine Components\IPT;C:\Program Files\Intel\WiFi\bin\;C:\Program Files\Common Files\Intel\WirelessCommon\;C:\Program Files (x86)\Git\cmd;C:\Program Files (x86)\Skype\Phone\
USERNAME=03070048
OS=Windows_NT
PROCESSOR_IDENTIFIER=Intel64 Family 6 Model 58 Stepping 9, GenuineIntel



---------------  S Y S T E M  ---------------

OS: Windows 7 , 64 bit Build 7601 Service Pack 1

CPU:total 4 (2 cores per cpu, 2 threads per core) family 6 model 58 stepping 9, cmov, cx8, fxsr, mmx, sse, sse2, sse3, ssse3, sse4.1, sse4.2, popcnt, avx, aes, clmul, erms, ht, tsc, tscinvbit

Memory: 4k page, physical 12456536k(5397740k free), swap 24911212k(16935544k free)

vm_info: Java HotSpot(TM) 64-Bit Server VM (25.11-b03) for windows-amd64 JRE (1.8.0_11-b12), built on Jun 16 2014 20:57:32 by "java_re" with MS VC++ 10.0 (VS2010)

time: Tue Dec 13 11:32:05 2016
elapsed time: 72 seconds

